2023-12-21 16:32:39,247 DEBUG scheduler Queued events for site redline.int.com
2023-12-21 16:33:39,513 DEBUG scheduler Queued events for site redline.int.com
2023-12-21 16:34:39,915 INFO scheduler Scheduled Job Start: erpnext.crm.doctype.social_media_post.social_media_post.process_scheduled_social_media_posts for redline.int.com
2023-12-21 16:34:39,943 DEBUG scheduler Queued events for site redline.int.com
2023-12-21 16:34:40,149 INFO scheduler Scheduled Job Complete: erpnext.crm.doctype.social_media_post.social_media_post.process_scheduled_social_media_posts for redline.int.com
2023-12-21 16:34:40,221 INFO scheduler Scheduled Job Start: erpnext.hr.doctype.interview.interview.send_interview_reminder for redline.int.com
2023-12-21 16:34:40,388 INFO scheduler Scheduled Job Complete: erpnext.hr.doctype.interview.interview.send_interview_reminder for redline.int.com
2023-12-21 16:34:40,459 INFO scheduler Scheduled Job Start: erpnext.healthcare.doctype.patient_appointment.patient_appointment.send_appointment_reminder for redline.int.com
2023-12-21 16:34:40,626 INFO scheduler Scheduled Job Complete: erpnext.healthcare.doctype.patient_appointment.patient_appointment.send_appointment_reminder for redline.int.com
2023-12-21 16:34:40,727 INFO scheduler Scheduled Job Start: erpnext.projects.doctype.project.project.project_status_update_reminder for redline.int.com
2023-12-21 16:34:40,991 INFO scheduler Scheduled Job Complete: erpnext.projects.doctype.project.project.project_status_update_reminder for redline.int.com
2023-12-21 16:34:41,084 INFO scheduler Scheduled Job Start: frappe.monitor.flush for redline.int.com
2023-12-21 16:34:41,195 INFO scheduler Scheduled Job Complete: frappe.monitor.flush for redline.int.com
2023-12-21 16:34:41,267 INFO scheduler Scheduled Job Start: frappe.utils.global_search.sync_global_search for redline.int.com
2023-12-21 16:34:41,378 INFO scheduler Scheduled Job Complete: frappe.utils.global_search.sync_global_search for redline.int.com
2023-12-21 16:34:41,464 INFO scheduler Scheduled Job Start: frappe.integrations.doctype.razorpay_settings.razorpay_settings.capture_payment for redline.int.com
2023-12-21 16:34:41,659 INFO scheduler Scheduled Job Complete: frappe.integrations.doctype.razorpay_settings.razorpay_settings.capture_payment for redline.int.com
2023-12-21 16:34:41,727 INFO scheduler Scheduled Job Start: frappe.email.doctype.email_account.email_account.notify_unreplied for redline.int.com
2023-12-21 16:34:41,897 INFO scheduler Scheduled Job Complete: frappe.email.doctype.email_account.email_account.notify_unreplied for redline.int.com
2023-12-21 16:34:41,967 INFO scheduler Scheduled Job Start: frappe.email.doctype.email_account.email_account.pull for redline.int.com
2023-12-21 16:34:42,147 INFO scheduler Scheduled Job Complete: frappe.email.doctype.email_account.email_account.pull for redline.int.com
2023-12-21 16:34:42,222 INFO scheduler Scheduled Job Start: frappe.email.queue.flush for redline.int.com
2023-12-21 16:34:42,341 INFO scheduler Scheduled Job Complete: frappe.email.queue.flush for redline.int.com
2023-12-21 16:35:40,222 INFO scheduler Scheduled Job Start: erpnext.manufacturing.doctype.bom_update_log.bom_update_log.resume_bom_cost_update_jobs for redline.int.com
2023-12-21 16:35:40,224 DEBUG scheduler Queued events for site redline.int.com
2023-12-21 16:35:40,435 INFO scheduler Scheduled Job Complete: erpnext.manufacturing.doctype.bom_update_log.bom_update_log.resume_bom_cost_update_jobs for redline.int.com
2023-12-21 16:36:40,468 DEBUG scheduler Queued events for site redline.int.com
2023-12-21 16:37:40,712 DEBUG scheduler Queued events for site redline.int.com
2023-12-21 16:38:40,925 INFO scheduler Scheduled Job Start: erpnext.crm.doctype.social_media_post.social_media_post.process_scheduled_social_media_posts for redline.int.com
2023-12-21 16:38:40,961 DEBUG scheduler Queued events for site redline.int.com
2023-12-21 16:38:41,098 INFO scheduler Scheduled Job Complete: erpnext.crm.doctype.social_media_post.social_media_post.process_scheduled_social_media_posts for redline.int.com
2023-12-21 16:38:41,170 INFO scheduler Scheduled Job Start: erpnext.hr.doctype.interview.interview.send_interview_reminder for redline.int.com
2023-12-21 16:38:41,333 INFO scheduler Scheduled Job Complete: erpnext.hr.doctype.interview.interview.send_interview_reminder for redline.int.com
2023-12-21 16:38:41,403 INFO scheduler Scheduled Job Start: erpnext.healthcare.doctype.patient_appointment.patient_appointment.send_appointment_reminder for redline.int.com
2023-12-21 16:38:41,556 INFO scheduler Scheduled Job Complete: erpnext.healthcare.doctype.patient_appointment.patient_appointment.send_appointment_reminder for redline.int.com
2023-12-21 16:38:41,655 INFO scheduler Scheduled Job Start: erpnext.projects.doctype.project.project.project_status_update_reminder for redline.int.com
2023-12-21 16:38:41,912 INFO scheduler Scheduled Job Complete: erpnext.projects.doctype.project.project.project_status_update_reminder for redline.int.com
2023-12-21 16:38:41,997 INFO scheduler Scheduled Job Start: frappe.monitor.flush for redline.int.com
2023-12-21 16:38:42,115 INFO scheduler Scheduled Job Complete: frappe.monitor.flush for redline.int.com
2023-12-21 16:38:42,185 INFO scheduler Scheduled Job Start: frappe.utils.global_search.sync_global_search for redline.int.com
2023-12-21 16:38:42,296 INFO scheduler Scheduled Job Complete: frappe.utils.global_search.sync_global_search for redline.int.com
2023-12-21 16:38:42,380 INFO scheduler Scheduled Job Start: frappe.integrations.doctype.razorpay_settings.razorpay_settings.capture_payment for redline.int.com
2023-12-21 16:38:42,570 INFO scheduler Scheduled Job Complete: frappe.integrations.doctype.razorpay_settings.razorpay_settings.capture_payment for redline.int.com
2023-12-21 16:38:42,641 INFO scheduler Scheduled Job Start: frappe.email.doctype.email_account.email_account.notify_unreplied for redline.int.com
2023-12-21 16:38:42,799 INFO scheduler Scheduled Job Complete: frappe.email.doctype.email_account.email_account.notify_unreplied for redline.int.com
2023-12-21 16:38:42,869 INFO scheduler Scheduled Job Start: frappe.email.doctype.email_account.email_account.pull for redline.int.com
2023-12-21 16:38:43,063 INFO scheduler Scheduled Job Complete: frappe.email.doctype.email_account.email_account.pull for redline.int.com
2023-12-21 16:38:43,131 INFO scheduler Scheduled Job Start: frappe.email.queue.flush for redline.int.com
2023-12-21 16:38:43,249 INFO scheduler Scheduled Job Complete: frappe.email.queue.flush for redline.int.com
2023-12-21 16:39:41,217 DEBUG scheduler Queued events for site redline.int.com
2023-12-21 16:40:41,485 DEBUG scheduler Queued events for site redline.int.com
2023-12-21 16:40:41,490 INFO scheduler Scheduled Job Start: erpnext.manufacturing.doctype.bom_update_log.bom_update_log.resume_bom_cost_update_jobs for redline.int.com
2023-12-21 16:40:41,699 INFO scheduler Scheduled Job Complete: erpnext.manufacturing.doctype.bom_update_log.bom_update_log.resume_bom_cost_update_jobs for redline.int.com
2023-12-21 16:41:41,839 DEBUG scheduler Queued events for site redline.int.com
2023-12-21 16:42:42,125 INFO scheduler Scheduled Job Start: erpnext.crm.doctype.social_media_post.social_media_post.process_scheduled_social_media_posts for redline.int.com
2023-12-21 16:42:42,158 DEBUG scheduler Queued events for site redline.int.com
2023-12-21 16:42:42,300 INFO scheduler Scheduled Job Complete: erpnext.crm.doctype.social_media_post.social_media_post.process_scheduled_social_media_posts for redline.int.com
2023-12-21 16:42:42,371 INFO scheduler Scheduled Job Start: erpnext.hr.doctype.interview.interview.send_interview_reminder for redline.int.com
2023-12-21 16:42:42,546 INFO scheduler Scheduled Job Complete: erpnext.hr.doctype.interview.interview.send_interview_reminder for redline.int.com
2023-12-21 16:42:42,618 INFO scheduler Scheduled Job Start: erpnext.healthcare.doctype.patient_appointment.patient_appointment.send_appointment_reminder for redline.int.com
2023-12-21 16:42:42,759 INFO scheduler Scheduled Job Complete: erpnext.healthcare.doctype.patient_appointment.patient_appointment.send_appointment_reminder for redline.int.com
2023-12-21 16:42:42,830 INFO scheduler Scheduled Job Start: erpnext.projects.doctype.project.project.project_status_update_reminder for redline.int.com
2023-12-21 16:42:43,027 INFO scheduler Scheduled Job Complete: erpnext.projects.doctype.project.project.project_status_update_reminder for redline.int.com
2023-12-21 16:42:43,097 INFO scheduler Scheduled Job Start: frappe.monitor.flush for redline.int.com
2023-12-21 16:42:43,205 INFO scheduler Scheduled Job Complete: frappe.monitor.flush for redline.int.com
2023-12-21 16:42:43,276 INFO scheduler Scheduled Job Start: frappe.utils.global_search.sync_global_search for redline.int.com
2023-12-21 16:42:43,384 INFO scheduler Scheduled Job Complete: frappe.utils.global_search.sync_global_search for redline.int.com
2023-12-21 16:42:43,464 INFO scheduler Scheduled Job Start: frappe.integrations.doctype.razorpay_settings.razorpay_settings.capture_payment for redline.int.com
2023-12-21 16:42:43,660 INFO scheduler Scheduled Job Complete: frappe.integrations.doctype.razorpay_settings.razorpay_settings.capture_payment for redline.int.com
2023-12-21 16:42:43,732 INFO scheduler Scheduled Job Start: frappe.email.doctype.email_account.email_account.notify_unreplied for redline.int.com
2023-12-21 16:42:43,891 INFO scheduler Scheduled Job Complete: frappe.email.doctype.email_account.email_account.notify_unreplied for redline.int.com
2023-12-21 16:42:43,964 INFO scheduler Scheduled Job Start: frappe.email.doctype.email_account.email_account.pull for redline.int.com
2023-12-21 16:42:44,158 INFO scheduler Scheduled Job Complete: frappe.email.doctype.email_account.email_account.pull for redline.int.com
2023-12-21 16:42:44,234 INFO scheduler Scheduled Job Start: frappe.email.queue.flush for redline.int.com
2023-12-21 16:42:44,354 INFO scheduler Scheduled Job Complete: frappe.email.queue.flush for redline.int.com
2023-12-21 16:43:42,447 DEBUG scheduler Queued events for site redline.int.com
2023-12-21 16:44:42,666 DEBUG scheduler Queued events for site redline.int.com
2023-12-21 16:45:43,021 INFO scheduler Scheduled Job Start: erpnext.manufacturing.doctype.bom_update_log.bom_update_log.resume_bom_cost_update_jobs for redline.int.com
2023-12-21 16:45:43,032 DEBUG scheduler Queued events for site redline.int.com
2023-12-21 16:45:43,343 INFO scheduler Scheduled Job Complete: erpnext.manufacturing.doctype.bom_update_log.bom_update_log.resume_bom_cost_update_jobs for redline.int.com
2023-12-21 16:45:43,422 INFO scheduler Scheduled Job Start: frappe.twofactor.delete_all_barcodes_for_users for redline.int.com
2023-12-21 16:45:43,680 INFO scheduler Scheduled Job Complete: frappe.twofactor.delete_all_barcodes_for_users for redline.int.com
2023-12-21 16:45:43,754 INFO scheduler Scheduled Job Start: frappe.website.doctype.web_page.web_page.check_publish_status for redline.int.com
2023-12-21 16:45:44,065 INFO scheduler Scheduled Job Complete: frappe.website.doctype.web_page.web_page.check_publish_status for redline.int.com
2023-12-21 16:45:44,139 INFO scheduler Scheduled Job Start: frappe.oauth.delete_oauth2_data for redline.int.com
2023-12-21 16:45:44,411 INFO scheduler Scheduled Job Complete: frappe.oauth.delete_oauth2_data for redline.int.com
2023-12-21 16:46:43,307 INFO scheduler Scheduled Job Start: erpnext.crm.doctype.social_media_post.social_media_post.process_scheduled_social_media_posts for redline.int.com
2023-12-21 16:46:43,341 DEBUG scheduler Queued events for site redline.int.com
2023-12-21 16:46:43,555 INFO scheduler Scheduled Job Complete: erpnext.crm.doctype.social_media_post.social_media_post.process_scheduled_social_media_posts for redline.int.com
2023-12-21 16:46:43,627 INFO scheduler Scheduled Job Start: erpnext.hr.doctype.interview.interview.send_interview_reminder for redline.int.com
2023-12-21 16:46:43,885 INFO scheduler Scheduled Job Complete: erpnext.hr.doctype.interview.interview.send_interview_reminder for redline.int.com
2023-12-21 16:46:43,954 INFO scheduler Scheduled Job Start: erpnext.healthcare.doctype.patient_appointment.patient_appointment.send_appointment_reminder for redline.int.com
2023-12-21 16:46:44,171 INFO scheduler Scheduled Job Complete: erpnext.healthcare.doctype.patient_appointment.patient_appointment.send_appointment_reminder for redline.int.com
2023-12-21 16:46:44,245 INFO scheduler Scheduled Job Start: erpnext.projects.doctype.project.project.project_status_update_reminder for redline.int.com
2023-12-21 16:46:44,511 INFO scheduler Scheduled Job Complete: erpnext.projects.doctype.project.project.project_status_update_reminder for redline.int.com
2023-12-21 16:46:44,583 INFO scheduler Scheduled Job Start: frappe.monitor.flush for redline.int.com
2023-12-21 16:46:44,701 INFO scheduler Scheduled Job Complete: frappe.monitor.flush for redline.int.com
2023-12-21 16:46:44,786 INFO scheduler Scheduled Job Start: frappe.utils.global_search.sync_global_search for redline.int.com
2023-12-21 16:46:44,912 INFO scheduler Scheduled Job Complete: frappe.utils.global_search.sync_global_search for redline.int.com
2023-12-21 16:46:44,988 INFO scheduler Scheduled Job Start: frappe.integrations.doctype.razorpay_settings.razorpay_settings.capture_payment for redline.int.com
2023-12-21 16:46:45,267 INFO scheduler Scheduled Job Complete: frappe.integrations.doctype.razorpay_settings.razorpay_settings.capture_payment for redline.int.com
2023-12-21 16:46:45,340 INFO scheduler Scheduled Job Start: frappe.email.doctype.email_account.email_account.notify_unreplied for redline.int.com
2023-12-21 16:46:45,582 INFO scheduler Scheduled Job Complete: frappe.email.doctype.email_account.email_account.notify_unreplied for redline.int.com
2023-12-21 16:46:45,652 INFO scheduler Scheduled Job Start: frappe.email.doctype.email_account.email_account.pull for redline.int.com
2023-12-21 16:46:45,843 INFO scheduler Scheduled Job Complete: frappe.email.doctype.email_account.email_account.pull for redline.int.com
2023-12-21 16:46:45,922 INFO scheduler Scheduled Job Start: frappe.email.queue.flush for redline.int.com
2023-12-21 16:46:46,055 INFO scheduler Scheduled Job Complete: frappe.email.queue.flush for redline.int.com
2023-12-21 16:47:43,575 DEBUG scheduler Queued events for site redline.int.com
2023-12-21 16:48:43,764 DEBUG scheduler Queued events for site redline.int.com
2023-12-21 16:49:43,971 DEBUG scheduler Queued events for site redline.int.com
2023-12-21 16:50:44,217 INFO scheduler Scheduled Job Start: erpnext.crm.doctype.social_media_post.social_media_post.process_scheduled_social_media_posts for redline.int.com
2023-12-21 16:50:44,258 DEBUG scheduler Queued events for site redline.int.com
2023-12-21 16:50:44,395 INFO scheduler Scheduled Job Complete: erpnext.crm.doctype.social_media_post.social_media_post.process_scheduled_social_media_posts for redline.int.com
2023-12-21 16:50:44,466 INFO scheduler Scheduled Job Start: erpnext.hr.doctype.interview.interview.send_interview_reminder for redline.int.com
2023-12-21 16:50:44,629 INFO scheduler Scheduled Job Complete: erpnext.hr.doctype.interview.interview.send_interview_reminder for redline.int.com
2023-12-21 16:50:44,699 INFO scheduler Scheduled Job Start: erpnext.healthcare.doctype.patient_appointment.patient_appointment.send_appointment_reminder for redline.int.com
2023-12-21 16:50:44,823 INFO scheduler Scheduled Job Complete: erpnext.healthcare.doctype.patient_appointment.patient_appointment.send_appointment_reminder for redline.int.com
2023-12-21 16:50:44,900 INFO scheduler Scheduled Job Start: erpnext.projects.doctype.project.project.project_status_update_reminder for redline.int.com
2023-12-21 16:50:45,087 INFO scheduler Scheduled Job Complete: erpnext.projects.doctype.project.project.project_status_update_reminder for redline.int.com
2023-12-21 16:50:45,158 INFO scheduler Scheduled Job Start: erpnext.manufacturing.doctype.bom_update_log.bom_update_log.resume_bom_cost_update_jobs for redline.int.com
2023-12-21 16:50:45,346 INFO scheduler Scheduled Job Complete: erpnext.manufacturing.doctype.bom_update_log.bom_update_log.resume_bom_cost_update_jobs for redline.int.com
2023-12-21 16:50:45,421 INFO scheduler Scheduled Job Start: frappe.monitor.flush for redline.int.com
2023-12-21 16:50:45,538 INFO scheduler Scheduled Job Complete: frappe.monitor.flush for redline.int.com
2023-12-21 16:50:45,621 INFO scheduler Scheduled Job Start: frappe.utils.global_search.sync_global_search for redline.int.com
2023-12-21 16:50:45,738 INFO scheduler Scheduled Job Complete: frappe.utils.global_search.sync_global_search for redline.int.com
2023-12-21 16:50:45,808 INFO scheduler Scheduled Job Start: frappe.integrations.doctype.razorpay_settings.razorpay_settings.capture_payment for redline.int.com
2023-12-21 16:50:45,995 INFO scheduler Scheduled Job Complete: frappe.integrations.doctype.razorpay_settings.razorpay_settings.capture_payment for redline.int.com
2023-12-21 16:50:46,061 INFO scheduler Scheduled Job Start: frappe.email.doctype.email_account.email_account.notify_unreplied for redline.int.com
2023-12-21 16:50:46,222 INFO scheduler Scheduled Job Complete: frappe.email.doctype.email_account.email_account.notify_unreplied for redline.int.com
2023-12-21 16:50:46,293 INFO scheduler Scheduled Job Start: frappe.email.doctype.email_account.email_account.pull for redline.int.com
2023-12-21 16:50:46,463 INFO scheduler Scheduled Job Complete: frappe.email.doctype.email_account.email_account.pull for redline.int.com
2023-12-21 16:50:46,542 INFO scheduler Scheduled Job Start: frappe.email.queue.flush for redline.int.com
2023-12-21 16:50:46,665 INFO scheduler Scheduled Job Complete: frappe.email.queue.flush for redline.int.com
2023-12-21 16:51:44,503 DEBUG scheduler Queued events for site redline.int.com
2023-12-21 16:52:44,734 DEBUG scheduler Queued events for site redline.int.com
2023-12-21 16:53:44,929 DEBUG scheduler Queued events for site redline.int.com
2023-12-21 16:55:14,955 INFO scheduler Scheduled Job Start: erpnext.crm.doctype.social_media_post.social_media_post.process_scheduled_social_media_posts for redline.int.com
2023-12-21 16:55:15,052 DEBUG scheduler Queued events for site redline.int.com
2023-12-21 16:55:15,459 INFO scheduler Scheduled Job Complete: erpnext.crm.doctype.social_media_post.social_media_post.process_scheduled_social_media_posts for redline.int.com
2023-12-21 16:55:15,571 INFO scheduler Scheduled Job Start: erpnext.hr.doctype.interview.interview.send_interview_reminder for redline.int.com
2023-12-21 16:55:15,838 INFO scheduler Scheduled Job Complete: erpnext.hr.doctype.interview.interview.send_interview_reminder for redline.int.com
2023-12-21 16:55:15,910 INFO scheduler Scheduled Job Start: erpnext.healthcare.doctype.patient_appointment.patient_appointment.send_appointment_reminder for redline.int.com
2023-12-21 16:55:16,172 INFO scheduler Scheduled Job Complete: erpnext.healthcare.doctype.patient_appointment.patient_appointment.send_appointment_reminder for redline.int.com
2023-12-21 16:55:16,256 INFO scheduler Scheduled Job Start: erpnext.projects.doctype.project.project.project_status_update_reminder for redline.int.com
2023-12-21 16:55:16,598 INFO scheduler Scheduled Job Complete: erpnext.projects.doctype.project.project.project_status_update_reminder for redline.int.com
2023-12-21 16:55:16,688 INFO scheduler Scheduled Job Start: erpnext.manufacturing.doctype.bom_update_log.bom_update_log.resume_bom_cost_update_jobs for redline.int.com
2023-12-21 16:55:17,119 INFO scheduler Scheduled Job Complete: erpnext.manufacturing.doctype.bom_update_log.bom_update_log.resume_bom_cost_update_jobs for redline.int.com
2023-12-21 16:55:17,211 INFO scheduler Scheduled Job Start: frappe.monitor.flush for redline.int.com
2023-12-21 16:55:17,326 INFO scheduler Scheduled Job Complete: frappe.monitor.flush for redline.int.com
2023-12-21 16:55:17,401 INFO scheduler Scheduled Job Start: frappe.utils.global_search.sync_global_search for redline.int.com
2023-12-21 16:55:17,523 INFO scheduler Scheduled Job Complete: frappe.utils.global_search.sync_global_search for redline.int.com
2023-12-21 16:55:17,602 INFO scheduler Scheduled Job Start: frappe.integrations.doctype.razorpay_settings.razorpay_settings.capture_payment for redline.int.com
2023-12-21 16:55:17,913 INFO scheduler Scheduled Job Complete: frappe.integrations.doctype.razorpay_settings.razorpay_settings.capture_payment for redline.int.com
2023-12-21 16:55:17,986 INFO scheduler Scheduled Job Start: frappe.email.doctype.email_account.email_account.notify_unreplied for redline.int.com
2023-12-21 16:55:18,280 INFO scheduler Scheduled Job Complete: frappe.email.doctype.email_account.email_account.notify_unreplied for redline.int.com
2023-12-21 16:55:18,355 INFO scheduler Scheduled Job Start: frappe.email.doctype.email_account.email_account.pull for redline.int.com
2023-12-21 16:55:18,566 INFO scheduler Scheduled Job Complete: frappe.email.doctype.email_account.email_account.pull for redline.int.com
2023-12-21 16:55:18,638 INFO scheduler Scheduled Job Start: frappe.email.queue.flush for redline.int.com
2023-12-21 16:55:18,766 INFO scheduler Scheduled Job Complete: frappe.email.queue.flush for redline.int.com
2023-12-21 16:56:15,301 DEBUG scheduler Queued events for site redline.int.com
2023-12-21 16:57:15,643 DEBUG scheduler Queued events for site redline.int.com
2023-12-21 16:58:15,923 INFO scheduler Scheduled Job Start: erpnext.crm.doctype.social_media_post.social_media_post.process_scheduled_social_media_posts for redline.int.com
2023-12-21 16:58:15,994 DEBUG scheduler Queued events for site redline.int.com
2023-12-21 16:58:16,151 INFO scheduler Scheduled Job Complete: erpnext.crm.doctype.social_media_post.social_media_post.process_scheduled_social_media_posts for redline.int.com
2023-12-21 16:58:16,230 INFO scheduler Scheduled Job Start: erpnext.hr.doctype.interview.interview.send_interview_reminder for redline.int.com
2023-12-21 16:58:16,397 INFO scheduler Scheduled Job Complete: erpnext.hr.doctype.interview.interview.send_interview_reminder for redline.int.com
2023-12-21 16:58:16,472 INFO scheduler Scheduled Job Start: erpnext.healthcare.doctype.patient_appointment.patient_appointment.send_appointment_reminder for redline.int.com
2023-12-21 16:58:16,606 INFO scheduler Scheduled Job Complete: erpnext.healthcare.doctype.patient_appointment.patient_appointment.send_appointment_reminder for redline.int.com
2023-12-21 16:58:16,679 INFO scheduler Scheduled Job Start: erpnext.projects.doctype.project.project.project_status_update_reminder for redline.int.com
2023-12-21 16:58:16,889 INFO scheduler Scheduled Job Complete: erpnext.projects.doctype.project.project.project_status_update_reminder for redline.int.com
2023-12-21 16:58:16,964 INFO scheduler Scheduled Job Start: frappe.monitor.flush for redline.int.com
2023-12-21 16:58:17,076 INFO scheduler Scheduled Job Complete: frappe.monitor.flush for redline.int.com
2023-12-21 16:58:17,149 INFO scheduler Scheduled Job Start: frappe.utils.global_search.sync_global_search for redline.int.com
2023-12-21 16:58:17,261 INFO scheduler Scheduled Job Complete: frappe.utils.global_search.sync_global_search for redline.int.com
2023-12-21 16:58:17,373 INFO scheduler Scheduled Job Start: frappe.integrations.doctype.razorpay_settings.razorpay_settings.capture_payment for redline.int.com
2023-12-21 16:58:17,603 INFO scheduler Scheduled Job Complete: frappe.integrations.doctype.razorpay_settings.razorpay_settings.capture_payment for redline.int.com
2023-12-21 16:58:17,681 INFO scheduler Scheduled Job Start: frappe.email.doctype.email_account.email_account.notify_unreplied for redline.int.com
2023-12-21 16:58:17,853 INFO scheduler Scheduled Job Complete: frappe.email.doctype.email_account.email_account.notify_unreplied for redline.int.com
2023-12-21 16:58:17,929 INFO scheduler Scheduled Job Start: frappe.email.doctype.email_account.email_account.pull for redline.int.com
2023-12-21 16:58:18,117 INFO scheduler Scheduled Job Complete: frappe.email.doctype.email_account.email_account.pull for redline.int.com
2023-12-21 16:58:18,187 INFO scheduler Scheduled Job Start: frappe.email.queue.flush for redline.int.com
2023-12-21 16:58:18,321 INFO scheduler Scheduled Job Complete: frappe.email.queue.flush for redline.int.com
2023-12-21 16:59:16,256 DEBUG scheduler Queued events for site redline.int.com
2023-12-21 17:00:16,574 INFO scheduler Scheduled Job Start: erpnext.accounts.doctype.gl_entry.gl_entry.rename_gle_sle_docs for redline.int.com
2023-12-21 17:00:16,599 DEBUG scheduler Queued events for site redline.int.com
2023-12-21 17:00:16,979 INFO scheduler Scheduled Job Complete: erpnext.accounts.doctype.gl_entry.gl_entry.rename_gle_sle_docs for redline.int.com
2023-12-21 17:00:17,075 INFO scheduler Scheduled Job Start: erpnext.utilities.doctype.video.video.update_youtube_data for redline.int.com
2023-12-21 17:00:17,393 INFO scheduler Scheduled Job Complete: erpnext.utilities.doctype.video.video.update_youtube_data for redline.int.com
2023-12-21 17:00:17,473 INFO scheduler Scheduled Job Start: erpnext.manufacturing.doctype.bom_update_log.bom_update_log.resume_bom_cost_update_jobs for redline.int.com
2023-12-21 17:00:17,686 INFO scheduler Scheduled Job Complete: erpnext.manufacturing.doctype.bom_update_log.bom_update_log.resume_bom_cost_update_jobs for redline.int.com
2023-12-21 17:00:17,763 INFO scheduler Scheduled Job Start: frappe.twofactor.delete_all_barcodes_for_users for redline.int.com
2023-12-21 17:00:18,053 INFO scheduler Scheduled Job Complete: frappe.twofactor.delete_all_barcodes_for_users for redline.int.com
2023-12-21 17:00:18,163 INFO scheduler Scheduled Job Start: frappe.website.doctype.web_page.web_page.check_publish_status for redline.int.com
2023-12-21 17:00:18,614 INFO scheduler Scheduled Job Complete: frappe.website.doctype.web_page.web_page.check_publish_status for redline.int.com
2023-12-21 17:00:18,707 INFO scheduler Scheduled Job Start: frappe.oauth.delete_oauth2_data for redline.int.com
2023-12-21 17:00:19,003 INFO scheduler Scheduled Job Complete: frappe.oauth.delete_oauth2_data for redline.int.com
2023-12-21 17:01:16,823 DEBUG scheduler Queued events for site redline.int.com
2023-12-21 17:02:17,112 INFO scheduler Scheduled Job Start: erpnext.crm.doctype.social_media_post.social_media_post.process_scheduled_social_media_posts for redline.int.com
2023-12-21 17:02:17,168 DEBUG scheduler Queued events for site redline.int.com
2023-12-21 17:02:17,312 INFO scheduler Scheduled Job Complete: erpnext.crm.doctype.social_media_post.social_media_post.process_scheduled_social_media_posts for redline.int.com
2023-12-21 17:02:17,387 INFO scheduler Scheduled Job Start: erpnext.hr.doctype.interview.interview.send_interview_reminder for redline.int.com
2023-12-21 17:02:17,551 INFO scheduler Scheduled Job Complete: erpnext.hr.doctype.interview.interview.send_interview_reminder for redline.int.com
2023-12-21 17:02:17,624 INFO scheduler Scheduled Job Start: erpnext.healthcare.doctype.patient_appointment.patient_appointment.send_appointment_reminder for redline.int.com
2023-12-21 17:02:17,791 INFO scheduler Scheduled Job Complete: erpnext.healthcare.doctype.patient_appointment.patient_appointment.send_appointment_reminder for redline.int.com
2023-12-21 17:02:17,883 INFO scheduler Scheduled Job Start: erpnext.projects.doctype.project.project.project_status_update_reminder for redline.int.com
2023-12-21 17:02:18,097 INFO scheduler Scheduled Job Complete: erpnext.projects.doctype.project.project.project_status_update_reminder for redline.int.com
2023-12-21 17:02:18,180 INFO scheduler Scheduled Job Start: frappe.monitor.flush for redline.int.com
2023-12-21 17:02:18,330 INFO scheduler Scheduled Job Complete: frappe.monitor.flush for redline.int.com
2023-12-21 17:02:18,422 INFO scheduler Scheduled Job Start: frappe.utils.global_search.sync_global_search for redline.int.com
2023-12-21 17:02:18,561 INFO scheduler Scheduled Job Complete: frappe.utils.global_search.sync_global_search for redline.int.com
2023-12-21 17:02:18,671 INFO scheduler Scheduled Job Start: frappe.integrations.doctype.razorpay_settings.razorpay_settings.capture_payment for redline.int.com
2023-12-21 17:02:18,877 INFO scheduler Scheduled Job Complete: frappe.integrations.doctype.razorpay_settings.razorpay_settings.capture_payment for redline.int.com
2023-12-21 17:02:18,948 INFO scheduler Scheduled Job Start: frappe.email.doctype.email_account.email_account.notify_unreplied for redline.int.com
2023-12-21 17:02:19,115 INFO scheduler Scheduled Job Complete: frappe.email.doctype.email_account.email_account.notify_unreplied for redline.int.com
2023-12-21 17:02:19,187 INFO scheduler Scheduled Job Start: frappe.email.doctype.email_account.email_account.pull for redline.int.com
2023-12-21 17:02:19,365 INFO scheduler Scheduled Job Complete: frappe.email.doctype.email_account.email_account.pull for redline.int.com
2023-12-21 17:02:19,442 INFO scheduler Scheduled Job Start: frappe.email.queue.flush for redline.int.com
2023-12-21 17:02:19,567 INFO scheduler Scheduled Job Complete: frappe.email.queue.flush for redline.int.com
2023-12-21 17:03:17,420 DEBUG scheduler Queued events for site redline.int.com
2023-12-21 17:04:17,674 DEBUG scheduler Queued events for site redline.int.com
2023-12-21 17:05:17,921 DEBUG scheduler Queued events for site redline.int.com
2023-12-21 17:05:17,922 INFO scheduler Scheduled Job Start: erpnext.manufacturing.doctype.bom_update_log.bom_update_log.resume_bom_cost_update_jobs for redline.int.com
2023-12-21 17:05:18,146 INFO scheduler Scheduled Job Complete: erpnext.manufacturing.doctype.bom_update_log.bom_update_log.resume_bom_cost_update_jobs for redline.int.com
2023-12-21 17:06:18,188 INFO scheduler Scheduled Job Start: erpnext.crm.doctype.social_media_post.social_media_post.process_scheduled_social_media_posts for redline.int.com
2023-12-21 17:06:18,270 DEBUG scheduler Queued events for site redline.int.com
2023-12-21 17:06:18,413 INFO scheduler Scheduled Job Complete: erpnext.crm.doctype.social_media_post.social_media_post.process_scheduled_social_media_posts for redline.int.com
2023-12-21 17:06:18,484 INFO scheduler Scheduled Job Start: erpnext.hr.doctype.interview.interview.send_interview_reminder for redline.int.com
2023-12-21 17:06:18,656 INFO scheduler Scheduled Job Complete: erpnext.hr.doctype.interview.interview.send_interview_reminder for redline.int.com
2023-12-21 17:06:18,729 INFO scheduler Scheduled Job Start: erpnext.healthcare.doctype.patient_appointment.patient_appointment.send_appointment_reminder for redline.int.com
2023-12-21 17:06:18,873 INFO scheduler Scheduled Job Complete: erpnext.healthcare.doctype.patient_appointment.patient_appointment.send_appointment_reminder for redline.int.com
2023-12-21 17:06:18,945 INFO scheduler Scheduled Job Start: erpnext.projects.doctype.project.project.project_status_update_reminder for redline.int.com
2023-12-21 17:06:19,139 INFO scheduler Scheduled Job Complete: erpnext.projects.doctype.project.project.project_status_update_reminder for redline.int.com
2023-12-21 17:06:19,211 INFO scheduler Scheduled Job Start: frappe.monitor.flush for redline.int.com
2023-12-21 17:06:19,325 INFO scheduler Scheduled Job Complete: frappe.monitor.flush for redline.int.com
2023-12-21 17:06:19,406 INFO scheduler Scheduled Job Start: frappe.utils.global_search.sync_global_search for redline.int.com
2023-12-21 17:06:19,524 INFO scheduler Scheduled Job Complete: frappe.utils.global_search.sync_global_search for redline.int.com
2023-12-21 17:06:19,596 INFO scheduler Scheduled Job Start: frappe.integrations.doctype.razorpay_settings.razorpay_settings.capture_payment for redline.int.com
2023-12-21 17:06:19,824 INFO scheduler Scheduled Job Complete: frappe.integrations.doctype.razorpay_settings.razorpay_settings.capture_payment for redline.int.com
2023-12-21 17:06:19,921 INFO scheduler Scheduled Job Start: frappe.email.doctype.email_account.email_account.notify_unreplied for redline.int.com
2023-12-21 17:06:20,129 INFO scheduler Scheduled Job Complete: frappe.email.doctype.email_account.email_account.notify_unreplied for redline.int.com
2023-12-21 17:06:20,200 INFO scheduler Scheduled Job Start: frappe.email.doctype.email_account.email_account.pull for redline.int.com
2023-12-21 17:06:20,381 INFO scheduler Scheduled Job Complete: frappe.email.doctype.email_account.email_account.pull for redline.int.com
2023-12-21 17:06:20,452 INFO scheduler Scheduled Job Start: frappe.email.queue.flush for redline.int.com
2023-12-21 17:06:20,576 INFO scheduler Scheduled Job Complete: frappe.email.queue.flush for redline.int.com
2023-12-21 17:07:18,549 DEBUG scheduler Queued events for site redline.int.com
2023-12-21 17:08:18,844 DEBUG scheduler Queued events for site redline.int.com
2023-12-21 17:09:19,100 DEBUG scheduler Queued events for site redline.int.com
2023-12-21 17:10:19,416 INFO scheduler Scheduled Job Start: erpnext.crm.doctype.social_media_post.social_media_post.process_scheduled_social_media_posts for redline.int.com
2023-12-21 17:10:19,471 DEBUG scheduler Queued events for site redline.int.com
2023-12-21 17:10:19,609 INFO scheduler Scheduled Job Complete: erpnext.crm.doctype.social_media_post.social_media_post.process_scheduled_social_media_posts for redline.int.com
2023-12-21 17:10:19,680 INFO scheduler Scheduled Job Start: erpnext.hr.doctype.interview.interview.send_interview_reminder for redline.int.com
2023-12-21 17:10:19,848 INFO scheduler Scheduled Job Complete: erpnext.hr.doctype.interview.interview.send_interview_reminder for redline.int.com
2023-12-21 17:10:19,920 INFO scheduler Scheduled Job Start: erpnext.healthcare.doctype.patient_appointment.patient_appointment.send_appointment_reminder for redline.int.com
2023-12-21 17:10:20,049 INFO scheduler Scheduled Job Complete: erpnext.healthcare.doctype.patient_appointment.patient_appointment.send_appointment_reminder for redline.int.com
2023-12-21 17:10:20,121 INFO scheduler Scheduled Job Start: erpnext.projects.doctype.project.project.project_status_update_reminder for redline.int.com
2023-12-21 17:10:20,316 INFO scheduler Scheduled Job Complete: erpnext.projects.doctype.project.project.project_status_update_reminder for redline.int.com
2023-12-21 17:10:20,387 INFO scheduler Scheduled Job Start: erpnext.manufacturing.doctype.bom_update_log.bom_update_log.resume_bom_cost_update_jobs for redline.int.com
2023-12-21 17:10:20,605 INFO scheduler Scheduled Job Complete: erpnext.manufacturing.doctype.bom_update_log.bom_update_log.resume_bom_cost_update_jobs for redline.int.com
2023-12-21 17:10:20,689 INFO scheduler Scheduled Job Start: frappe.monitor.flush for redline.int.com
2023-12-21 17:10:20,811 INFO scheduler Scheduled Job Complete: frappe.monitor.flush for redline.int.com
2023-12-21 17:10:20,916 INFO scheduler Scheduled Job Start: frappe.utils.global_search.sync_global_search for redline.int.com
2023-12-21 17:10:21,040 INFO scheduler Scheduled Job Complete: frappe.utils.global_search.sync_global_search for redline.int.com
2023-12-21 17:10:21,115 INFO scheduler Scheduled Job Start: frappe.integrations.doctype.razorpay_settings.razorpay_settings.capture_payment for redline.int.com
2023-12-21 17:10:21,333 INFO scheduler Scheduled Job Complete: frappe.integrations.doctype.razorpay_settings.razorpay_settings.capture_payment for redline.int.com
2023-12-21 17:10:21,415 INFO scheduler Scheduled Job Start: frappe.email.doctype.email_account.email_account.notify_unreplied for redline.int.com
2023-12-21 17:10:21,590 INFO scheduler Scheduled Job Complete: frappe.email.doctype.email_account.email_account.notify_unreplied for redline.int.com
2023-12-21 17:10:21,663 INFO scheduler Scheduled Job Start: frappe.email.doctype.email_account.email_account.pull for redline.int.com
2023-12-21 17:10:21,868 INFO scheduler Scheduled Job Complete: frappe.email.doctype.email_account.email_account.pull for redline.int.com
2023-12-21 17:10:21,953 INFO scheduler Scheduled Job Start: frappe.email.queue.flush for redline.int.com
2023-12-21 17:10:22,111 INFO scheduler Scheduled Job Complete: frappe.email.queue.flush for redline.int.com
2023-12-21 17:11:19,703 DEBUG scheduler Queued events for site redline.int.com
2023-12-21 17:12:19,972 DEBUG scheduler Queued events for site redline.int.com
