2023-12-12 11:01:31,024 DEBUG scheduler Queued events for site redline.int.com
2023-12-21 16:30:38,052 INFO scheduler Scheduled Job Start: erpnext.hr.doctype.employee.employee_reminders.send_reminders_in_advance_weekly for redline.int.com
2023-12-21 16:30:38,052 INFO scheduler Scheduled Job Start: erpnext.hr.doctype.shift_type.shift_type.process_auto_attendance_for_all_shifts for redline.int.com
2023-12-21 16:30:38,871 INFO scheduler Scheduled Job Complete: erpnext.hr.doctype.shift_type.shift_type.process_auto_attendance_for_all_shifts for redline.int.com
2023-12-21 16:30:38,963 INFO scheduler Scheduled Job Start: erpnext.stock.doctype.repost_item_valuation.repost_item_valuation.repost_entries for redline.int.com
2023-12-21 16:30:38,975 DEBUG scheduler Queued events for site redline.int.com
2023-12-21 16:30:38,979 DEBUG scheduler Access denied for site redlines.api
2023-12-21 16:30:39,062 INFO scheduler Scheduled Job Complete: erpnext.hr.doctype.employee.employee_reminders.send_reminders_in_advance_weekly for redline.int.com
2023-12-21 16:30:39,141 INFO scheduler Scheduled Job Start: erpnext.hr.doctype.interview.interview.send_daily_feedback_reminder for redline.int.com
2023-12-21 16:30:39,239 INFO scheduler Scheduled Job Complete: erpnext.stock.doctype.repost_item_valuation.repost_item_valuation.repost_entries for redline.int.com
2023-12-21 16:30:39,321 INFO scheduler Scheduled Job Start: erpnext.accounts.doctype.subscription.subscription.process_all for redline.int.com
2023-12-21 16:30:39,451 INFO scheduler Scheduled Job Complete: erpnext.hr.doctype.interview.interview.send_daily_feedback_reminder for redline.int.com
2023-12-21 16:30:39,533 INFO scheduler Scheduled Job Start: erpnext.non_profit.doctype.membership.membership.set_expired_status for redline.int.com
2023-12-21 16:30:39,665 INFO scheduler Scheduled Job Complete: erpnext.accounts.doctype.subscription.subscription.process_all for redline.int.com
2023-12-21 16:30:39,750 INFO scheduler Scheduled Job Start: erpnext.crm.doctype.lead.lead.daily_open_lead for redline.int.com
2023-12-21 16:30:39,768 INFO scheduler Scheduled Job Complete: erpnext.non_profit.doctype.membership.membership.set_expired_status for redline.int.com
2023-12-21 16:30:39,850 INFO scheduler Scheduled Job Start: erpnext.accounts.doctype.process_statement_of_accounts.process_statement_of_accounts.send_auto_email for redline.int.com
2023-12-21 16:30:40,235 INFO scheduler Scheduled Job Complete: erpnext.crm.doctype.lead.lead.daily_open_lead for redline.int.com
2023-12-21 16:30:40,330 INFO scheduler Scheduled Job Complete: erpnext.accounts.doctype.process_statement_of_accounts.process_statement_of_accounts.send_auto_email for redline.int.com
2023-12-21 16:30:40,358 INFO scheduler Scheduled Job Start: erpnext.loan_management.doctype.process_loan_interest_accrual.process_loan_interest_accrual.process_loan_interest_accrual_for_term_loans for redline.int.com
2023-12-21 16:30:40,445 INFO scheduler Scheduled Job Start: erpnext.buying.doctype.supplier_quotation.supplier_quotation.set_expired_status for redline.int.com
2023-12-21 16:30:40,717 INFO scheduler Scheduled Job Complete: erpnext.loan_management.doctype.process_loan_interest_accrual.process_loan_interest_accrual.process_loan_interest_accrual_for_term_loans for redline.int.com
2023-12-21 16:30:40,815 INFO scheduler Scheduled Job Complete: erpnext.buying.doctype.supplier_quotation.supplier_quotation.set_expired_status for redline.int.com
2023-12-21 16:30:40,851 INFO scheduler Scheduled Job Start: erpnext.loan_management.doctype.process_loan_security_shortfall.process_loan_security_shortfall.create_process_loan_security_shortfall for redline.int.com
2023-12-21 16:30:40,945 INFO scheduler Scheduled Job Start: erpnext.healthcare.doctype.patient_appointment.patient_appointment.update_appointment_status for redline.int.com
2023-12-21 16:30:41,116 INFO scheduler Scheduled Job Complete: erpnext.loan_management.doctype.process_loan_security_shortfall.process_loan_security_shortfall.create_process_loan_security_shortfall for redline.int.com
2023-12-21 16:30:41,182 INFO scheduler Scheduled Job Failed: erpnext.healthcare.doctype.patient_appointment.patient_appointment.update_appointment_status for redline.int.com
2023-12-21 16:30:41,195 INFO scheduler Scheduled Job Start: erpnext.hr.utils.allocate_earned_leaves for redline.int.com
2023-12-21 16:30:41,270 INFO scheduler Scheduled Job Start: erpnext.selling.doctype.quotation.quotation.set_expired_status for redline.int.com
2023-12-21 16:30:41,485 INFO scheduler Scheduled Job Complete: erpnext.hr.utils.allocate_earned_leaves for redline.int.com
2023-12-21 16:30:41,562 INFO scheduler Scheduled Job Start: erpnext.hr.utils.generate_leave_encashment for redline.int.com
2023-12-21 16:30:41,570 INFO scheduler Scheduled Job Complete: erpnext.selling.doctype.quotation.quotation.set_expired_status for redline.int.com
2023-12-21 16:30:41,652 INFO scheduler Scheduled Job Start: erpnext.crm.doctype.email_campaign.email_campaign.set_email_campaign_status for redline.int.com
2023-12-21 16:30:41,796 INFO scheduler Scheduled Job Complete: erpnext.hr.utils.generate_leave_encashment for redline.int.com
2023-12-21 16:30:41,879 INFO scheduler Scheduled Job Start: erpnext.hr.doctype.leave_ledger_entry.leave_ledger_entry.process_expired_allocation for redline.int.com
2023-12-21 16:30:41,929 INFO scheduler Scheduled Job Complete: erpnext.crm.doctype.email_campaign.email_campaign.set_email_campaign_status for redline.int.com
2023-12-21 16:30:42,025 INFO scheduler Scheduled Job Start: erpnext.crm.doctype.email_campaign.email_campaign.send_email_to_leads_or_contacts for redline.int.com
2023-12-21 16:30:42,114 INFO scheduler Scheduled Job Complete: erpnext.hr.doctype.leave_ledger_entry.leave_ledger_entry.process_expired_allocation for redline.int.com
2023-12-21 16:30:42,207 INFO scheduler Scheduled Job Start: erpnext.manufacturing.doctype.bom_update_tool.bom_update_tool.auto_update_latest_price_in_all_boms for redline.int.com
2023-12-21 16:30:42,277 INFO scheduler Scheduled Job Complete: erpnext.crm.doctype.email_campaign.email_campaign.send_email_to_leads_or_contacts for redline.int.com
2023-12-21 16:30:42,351 INFO scheduler Scheduled Job Start: erpnext.support.doctype.service_level_agreement.service_level_agreement.check_agreement_status for redline.int.com
2023-12-21 16:30:42,465 INFO scheduler Scheduled Job Complete: erpnext.manufacturing.doctype.bom_update_tool.bom_update_tool.auto_update_latest_price_in_all_boms for redline.int.com
2023-12-21 16:30:42,542 INFO scheduler Scheduled Job Start: erpnext.setup.doctype.email_digest.email_digest.send for redline.int.com
2023-12-21 16:30:42,651 INFO scheduler Scheduled Job Complete: erpnext.support.doctype.service_level_agreement.service_level_agreement.check_agreement_status for redline.int.com
2023-12-21 16:30:42,729 INFO scheduler Scheduled Job Start: erpnext.quality_management.doctype.quality_review.quality_review.review for redline.int.com
2023-12-21 16:30:42,935 INFO scheduler Scheduled Job Failed: erpnext.setup.doctype.email_digest.email_digest.send for redline.int.com
2023-12-21 16:30:43,014 INFO scheduler Scheduled Job Complete: erpnext.quality_management.doctype.quality_review.quality_review.review for redline.int.com
2023-12-21 16:30:43,017 INFO scheduler Scheduled Job Start: frappe.integrations.doctype.google_drive.google_drive.weekly_backup for redline.int.com
2023-12-21 16:30:43,092 INFO scheduler Scheduled Job Start: erpnext.projects.doctype.project.project.send_project_status_email_to_users for redline.int.com
2023-12-21 16:30:43,396 INFO scheduler Scheduled Job Complete: erpnext.projects.doctype.project.project.send_project_status_email_to_users for redline.int.com
2023-12-21 16:30:43,457 INFO scheduler Scheduled Job Complete: frappe.integrations.doctype.google_drive.google_drive.weekly_backup for redline.int.com
2023-12-21 16:30:43,481 INFO scheduler Scheduled Job Start: erpnext.projects.doctype.project.project.update_project_sales_billing for redline.int.com
2023-12-21 16:30:43,541 INFO scheduler Scheduled Job Start: frappe.social.doctype.energy_point_log.energy_point_log.send_weekly_summary for redline.int.com
2023-12-21 16:30:43,749 INFO scheduler Scheduled Job Complete: frappe.social.doctype.energy_point_log.energy_point_log.send_weekly_summary for redline.int.com
2023-12-21 16:30:43,788 INFO scheduler Scheduled Job Complete: erpnext.projects.doctype.project.project.update_project_sales_billing for redline.int.com
2023-12-21 16:30:43,829 INFO scheduler Scheduled Job Start: frappe.desk.form.document_follow.send_weekly_updates for redline.int.com
2023-12-21 16:30:43,873 INFO scheduler Scheduled Job Start: erpnext.crm.doctype.contract.contract.update_status_for_contracts for redline.int.com
2023-12-21 16:30:44,104 INFO scheduler Scheduled Job Complete: frappe.desk.form.document_follow.send_weekly_updates for redline.int.com
2023-12-21 16:30:44,143 INFO scheduler Scheduled Job Complete: erpnext.crm.doctype.contract.contract.update_status_for_contracts for redline.int.com
2023-12-21 16:30:44,186 INFO scheduler Scheduled Job Start: frappe.desk.doctype.route_history.route_history.flush_old_route_records for redline.int.com
2023-12-21 16:30:44,223 INFO scheduler Scheduled Job Start: erpnext.assets.doctype.asset.asset.make_post_gl_entry for redline.int.com
2023-12-21 16:30:44,384 INFO scheduler Scheduled Job Complete: frappe.desk.doctype.route_history.route_history.flush_old_route_records for redline.int.com
2023-12-21 16:30:44,461 INFO scheduler Scheduled Job Start: frappe.integrations.doctype.s3_backup_settings.s3_backup_settings.take_backups_weekly for redline.int.com
2023-12-21 16:30:44,550 INFO scheduler Scheduled Job Complete: erpnext.assets.doctype.asset.asset.make_post_gl_entry for redline.int.com
2023-12-21 16:30:44,632 INFO scheduler Scheduled Job Start: erpnext.assets.doctype.asset.asset.update_maintenance_status for redline.int.com
2023-12-21 16:30:44,803 INFO scheduler Scheduled Job Complete: frappe.integrations.doctype.s3_backup_settings.s3_backup_settings.take_backups_weekly for redline.int.com
2023-12-21 16:30:44,889 INFO scheduler Scheduled Job Start: frappe.integrations.doctype.dropbox_settings.dropbox_settings.take_backups_weekly for redline.int.com
2023-12-21 16:30:45,019 INFO scheduler Scheduled Job Complete: erpnext.assets.doctype.asset.asset.update_maintenance_status for redline.int.com
2023-12-21 16:30:45,102 INFO scheduler Scheduled Job Start: erpnext.setup.doctype.company.company.cache_companies_monthly_sales_history for redline.int.com
2023-12-21 16:30:45,337 INFO scheduler Scheduled Job Complete: frappe.integrations.doctype.dropbox_settings.dropbox_settings.take_backups_weekly for redline.int.com
2023-12-21 16:30:45,486 INFO scheduler Scheduled Job Start: frappe.integrations.doctype.google_drive.google_drive.daily_backup for redline.int.com
2023-12-21 16:30:45,606 INFO scheduler Scheduled Job Complete: erpnext.setup.doctype.company.company.cache_companies_monthly_sales_history for redline.int.com
2023-12-21 16:30:45,796 INFO scheduler Scheduled Job Start: erpnext.buying.doctype.supplier_scorecard.supplier_scorecard.refresh_scorecards for redline.int.com
2023-12-21 16:30:46,075 INFO scheduler Scheduled Job Complete: frappe.integrations.doctype.google_drive.google_drive.daily_backup for redline.int.com
2023-12-21 16:30:46,259 INFO scheduler Scheduled Job Complete: erpnext.buying.doctype.supplier_scorecard.supplier_scorecard.refresh_scorecards for redline.int.com
2023-12-21 16:30:46,300 INFO scheduler Scheduled Job Start: frappe.email.doctype.auto_email_report.auto_email_report.send_daily for redline.int.com
2023-12-21 16:30:46,521 INFO scheduler Scheduled Job Start: erpnext.stock.doctype.serial_no.serial_no.update_maintenance_status for redline.int.com
2023-12-21 16:30:47,336 INFO scheduler Scheduled Job Complete: erpnext.stock.doctype.serial_no.serial_no.update_maintenance_status for redline.int.com
2023-12-21 16:30:47,532 INFO scheduler Scheduled Job Start: erpnext.hr.doctype.daily_work_summary_group.daily_work_summary_group.send_summary for redline.int.com
2023-12-21 16:30:47,827 INFO scheduler Scheduled Job Complete: frappe.email.doctype.auto_email_report.auto_email_report.send_daily for redline.int.com
2023-12-21 16:30:48,092 INFO scheduler Scheduled Job Start: frappe.integrations.doctype.s3_backup_settings.s3_backup_settings.take_backups_daily for redline.int.com
2023-12-21 16:30:48,141 INFO scheduler Scheduled Job Complete: erpnext.hr.doctype.daily_work_summary_group.daily_work_summary_group.send_summary for redline.int.com
2023-12-21 16:30:48,249 INFO scheduler Scheduled Job Start: erpnext.assets.doctype.asset.depreciation.post_depreciation_entries for redline.int.com
2023-12-21 16:30:48,474 INFO scheduler Scheduled Job Complete: frappe.integrations.doctype.s3_backup_settings.s3_backup_settings.take_backups_daily for redline.int.com
2023-12-21 16:30:48,580 INFO scheduler Scheduled Job Complete: erpnext.assets.doctype.asset.depreciation.post_depreciation_entries for redline.int.com
2023-12-21 16:30:48,670 INFO scheduler Scheduled Job Start: frappe.utils.change_log.check_for_update for redline.int.com
2023-12-21 16:30:48,784 INFO scheduler Scheduled Job Start: erpnext.projects.doctype.task.task.set_tasks_as_overdue for redline.int.com
2023-12-21 16:30:49,510 INFO scheduler Scheduled Job Complete: erpnext.projects.doctype.task.task.set_tasks_as_overdue for redline.int.com
2023-12-21 16:30:49,627 INFO scheduler Scheduled Job Start: erpnext.hr.doctype.employee.employee_reminders.send_birthday_reminders for redline.int.com
2023-12-21 16:30:49,888 INFO scheduler Scheduled Job Complete: erpnext.hr.doctype.employee.employee_reminders.send_birthday_reminders for redline.int.com
2023-12-21 16:30:50,005 INFO scheduler Scheduled Job Start: erpnext.hr.doctype.employee.employee_reminders.send_work_anniversary_reminders for redline.int.com
2023-12-21 16:30:50,386 INFO scheduler Scheduled Job Complete: erpnext.hr.doctype.employee.employee_reminders.send_work_anniversary_reminders for redline.int.com
2023-12-21 16:30:50,530 INFO scheduler Scheduled Job Start: erpnext.accounts.doctype.fiscal_year.fiscal_year.auto_create_fiscal_year for redline.int.com
2023-12-21 16:30:51,068 INFO scheduler Scheduled Job Complete: erpnext.accounts.doctype.fiscal_year.fiscal_year.auto_create_fiscal_year for redline.int.com
2023-12-21 16:30:51,223 INFO scheduler Scheduled Job Complete: frappe.utils.change_log.check_for_update for redline.int.com
2023-12-21 16:30:51,254 INFO scheduler Scheduled Job Start: erpnext.controllers.accounts_controller.update_invoice_status for redline.int.com
2023-12-21 16:30:51,452 INFO scheduler Scheduled Job Start: frappe.integrations.doctype.dropbox_settings.dropbox_settings.take_backups_daily for redline.int.com
2023-12-21 16:30:51,990 INFO scheduler Scheduled Job Complete: erpnext.controllers.accounts_controller.update_invoice_status for redline.int.com
2023-12-21 16:30:52,176 INFO scheduler Scheduled Job Start: erpnext.crm.doctype.opportunity.opportunity.auto_close_opportunity for redline.int.com
2023-12-21 16:30:52,290 INFO scheduler Scheduled Job Complete: frappe.integrations.doctype.dropbox_settings.dropbox_settings.take_backups_daily for redline.int.com
2023-12-21 16:30:52,658 INFO scheduler Scheduled Job Complete: erpnext.crm.doctype.opportunity.opportunity.auto_close_opportunity for redline.int.com
2023-12-21 16:30:52,809 INFO scheduler Scheduled Job Start: erpnext.support.doctype.issue.issue.auto_close_tickets for redline.int.com
2023-12-21 16:30:53,120 INFO scheduler Scheduled Job Complete: erpnext.support.doctype.issue.issue.auto_close_tickets for redline.int.com
2023-12-21 16:30:53,273 INFO scheduler Scheduled Job Start: erpnext.erpnext_integrations.connectors.shopify_connection.sync_old_orders for redline.int.com
2023-12-21 16:30:53,885 INFO scheduler Scheduled Job Complete: erpnext.erpnext_integrations.connectors.shopify_connection.sync_old_orders for redline.int.com
2023-12-21 16:30:54,008 INFO scheduler Scheduled Job Start: erpnext.support.doctype.issue.issue.set_service_level_agreement_variance for redline.int.com
2023-12-21 16:30:54,392 INFO scheduler Scheduled Job Complete: erpnext.support.doctype.issue.issue.set_service_level_agreement_variance for redline.int.com
2023-12-21 16:30:54,477 INFO scheduler Scheduled Job Start: erpnext.projects.doctype.project.project.collect_project_status for redline.int.com
2023-12-21 16:30:54,760 INFO scheduler Scheduled Job Complete: erpnext.projects.doctype.project.project.collect_project_status for redline.int.com
2023-12-21 16:30:54,865 INFO scheduler Scheduled Job Start: erpnext.projects.doctype.project.project.hourly_reminder for redline.int.com
2023-12-21 16:30:55,570 INFO scheduler Scheduled Job Complete: erpnext.projects.doctype.project.project.hourly_reminder for redline.int.com
2023-12-21 16:30:55,755 INFO scheduler Scheduled Job Start: erpnext.erpnext_integrations.doctype.plaid_settings.plaid_settings.automatic_synchronization for redline.int.com
2023-12-21 16:30:56,392 INFO scheduler Scheduled Job Complete: erpnext.erpnext_integrations.doctype.plaid_settings.plaid_settings.automatic_synchronization for redline.int.com
2023-12-21 16:30:56,557 INFO scheduler Scheduled Job Start: erpnext.erpnext_integrations.doctype.amazon_mws_settings.amazon_mws_settings.schedule_get_order_details for redline.int.com
2023-12-21 16:30:56,928 INFO scheduler Scheduled Job Complete: erpnext.erpnext_integrations.doctype.amazon_mws_settings.amazon_mws_settings.schedule_get_order_details for redline.int.com
2023-12-21 16:30:57,023 INFO scheduler Scheduled Job Start: erpnext.hr.doctype.daily_work_summary_group.daily_work_summary_group.trigger_emails for redline.int.com
2023-12-21 16:30:57,466 INFO scheduler Scheduled Job Complete: erpnext.hr.doctype.daily_work_summary_group.daily_work_summary_group.trigger_emails for redline.int.com
2023-12-21 16:30:57,584 INFO scheduler Scheduled Job Start: erpnext.crm.doctype.social_media_post.social_media_post.process_scheduled_social_media_posts for redline.int.com
2023-12-21 16:30:57,910 INFO scheduler Scheduled Job Complete: erpnext.crm.doctype.social_media_post.social_media_post.process_scheduled_social_media_posts for redline.int.com
2023-12-21 16:30:58,057 INFO scheduler Scheduled Job Start: erpnext.hr.doctype.interview.interview.send_interview_reminder for redline.int.com
2023-12-21 16:30:58,374 INFO scheduler Scheduled Job Complete: erpnext.hr.doctype.interview.interview.send_interview_reminder for redline.int.com
2023-12-21 16:30:58,486 INFO scheduler Scheduled Job Start: erpnext.healthcare.doctype.patient_appointment.patient_appointment.send_appointment_reminder for redline.int.com
2023-12-21 16:30:58,860 INFO scheduler Scheduled Job Complete: erpnext.healthcare.doctype.patient_appointment.patient_appointment.send_appointment_reminder for redline.int.com
2023-12-21 16:30:59,010 INFO scheduler Scheduled Job Start: erpnext.projects.doctype.project.project.project_status_update_reminder for redline.int.com
2023-12-21 16:30:59,407 INFO scheduler Scheduled Job Complete: erpnext.projects.doctype.project.project.project_status_update_reminder for redline.int.com
2023-12-21 16:30:59,522 INFO scheduler Scheduled Job Start: erpnext.stock.reorder_item.reorder_item for redline.int.com
2023-12-21 16:30:59,949 INFO scheduler Scheduled Job Complete: erpnext.stock.reorder_item.reorder_item for redline.int.com
2023-12-21 16:31:00,056 INFO scheduler Scheduled Job Start: erpnext.accounts.doctype.gl_entry.gl_entry.rename_gle_sle_docs for redline.int.com
2023-12-21 16:31:00,533 INFO scheduler Scheduled Job Complete: erpnext.accounts.doctype.gl_entry.gl_entry.rename_gle_sle_docs for redline.int.com
2023-12-21 16:31:00,713 INFO scheduler Scheduled Job Start: erpnext.utilities.doctype.video.video.update_youtube_data for redline.int.com
2023-12-21 16:31:01,196 INFO scheduler Scheduled Job Complete: erpnext.utilities.doctype.video.video.update_youtube_data for redline.int.com
2023-12-21 16:31:01,350 INFO scheduler Scheduled Job Start: erpnext.manufacturing.doctype.bom_update_log.bom_update_log.resume_bom_cost_update_jobs for redline.int.com
2023-12-21 16:31:02,312 INFO scheduler Scheduled Job Complete: erpnext.manufacturing.doctype.bom_update_log.bom_update_log.resume_bom_cost_update_jobs for redline.int.com
2023-12-21 16:31:02,450 INFO scheduler Scheduled Job Start: frappe.core.doctype.log_settings.log_settings.run_log_clean_up for redline.int.com
2023-12-21 16:31:02,768 INFO scheduler Scheduled Job Complete: frappe.core.doctype.log_settings.log_settings.run_log_clean_up for redline.int.com
2023-12-21 16:31:03,039 INFO scheduler Scheduled Job Start: frappe.core.doctype.prepared_report.prepared_report.delete_expired_prepared_reports for redline.int.com
2023-12-21 16:31:03,647 INFO scheduler Scheduled Job Complete: frappe.core.doctype.prepared_report.prepared_report.delete_expired_prepared_reports for redline.int.com
2023-12-21 16:31:03,736 INFO scheduler Scheduled Job Start: frappe.email.doctype.unhandled_email.unhandled_email.remove_old_unhandled_emails for redline.int.com
2023-12-21 16:31:03,976 INFO scheduler Scheduled Job Complete: frappe.email.doctype.unhandled_email.unhandled_email.remove_old_unhandled_emails for redline.int.com
2023-12-21 16:31:04,067 INFO scheduler Scheduled Job Start: frappe.automation.doctype.auto_repeat.auto_repeat.set_auto_repeat_as_completed for redline.int.com
2023-12-21 16:31:04,395 INFO scheduler Scheduled Job Complete: frappe.automation.doctype.auto_repeat.auto_repeat.set_auto_repeat_as_completed for redline.int.com
2023-12-21 16:31:04,479 INFO scheduler Scheduled Job Start: frappe.automation.doctype.auto_repeat.auto_repeat.make_auto_repeat_entry for redline.int.com
2023-12-21 16:31:04,806 INFO scheduler Scheduled Job Complete: frappe.automation.doctype.auto_repeat.auto_repeat.make_auto_repeat_entry for redline.int.com
2023-12-21 16:31:05,032 INFO scheduler Scheduled Job Start: frappe.integrations.doctype.google_contacts.google_contacts.sync for redline.int.com
2023-12-21 16:31:05,614 INFO scheduler Scheduled Job Complete: frappe.integrations.doctype.google_contacts.google_contacts.sync for redline.int.com
2023-12-21 16:31:05,693 INFO scheduler Scheduled Job Start: frappe.social.doctype.energy_point_settings.energy_point_settings.allocate_review_points for redline.int.com
2023-12-21 16:31:06,146 INFO scheduler Scheduled Job Complete: frappe.social.doctype.energy_point_settings.energy_point_settings.allocate_review_points for redline.int.com
2023-12-21 16:31:06,293 INFO scheduler Scheduled Job Start: frappe.desk.form.document_follow.send_daily_updates for redline.int.com
2023-12-21 16:31:06,638 INFO scheduler Scheduled Job Complete: frappe.desk.form.document_follow.send_daily_updates for redline.int.com
2023-12-21 16:31:06,797 INFO scheduler Scheduled Job Start: frappe.website.doctype.personal_data_deletion_request.personal_data_deletion_request.remove_unverified_record for redline.int.com
2023-12-21 16:31:07,292 INFO scheduler Scheduled Job Complete: frappe.website.doctype.personal_data_deletion_request.personal_data_deletion_request.remove_unverified_record for redline.int.com
2023-12-21 16:31:07,447 INFO scheduler Scheduled Job Start: frappe.email.doctype.notification.notification.trigger_daily_alerts for redline.int.com
2023-12-21 16:31:07,852 INFO scheduler Scheduled Job Complete: frappe.email.doctype.notification.notification.trigger_daily_alerts for redline.int.com
2023-12-21 16:31:07,934 INFO scheduler Scheduled Job Start: frappe.sessions.clear_expired_sessions for redline.int.com
2023-12-21 16:31:08,147 INFO scheduler Scheduled Job Complete: frappe.sessions.clear_expired_sessions for redline.int.com
2023-12-21 16:31:08,272 INFO scheduler Scheduled Job Start: frappe.desk.doctype.event.event.send_event_digest for redline.int.com
2023-12-21 16:31:08,607 INFO scheduler Scheduled Job Complete: frappe.desk.doctype.event.event.send_event_digest for redline.int.com
2023-12-21 16:31:08,690 INFO scheduler Scheduled Job Start: frappe.core.doctype.error_log.error_log.set_old_logs_as_seen for redline.int.com
2023-12-21 16:31:08,899 INFO scheduler Scheduled Job Complete: frappe.core.doctype.error_log.error_log.set_old_logs_as_seen for redline.int.com
2023-12-21 16:31:08,979 INFO scheduler Scheduled Job Start: frappe.desk.notifications.clear_notifications for redline.int.com
2023-12-21 16:31:09,191 INFO scheduler Scheduled Job Complete: frappe.desk.notifications.clear_notifications for redline.int.com
2023-12-21 16:31:09,297 INFO scheduler Scheduled Job Start: frappe.email.queue.set_expiry_for_email_queue for redline.int.com
2023-12-21 16:31:09,523 INFO scheduler Scheduled Job Complete: frappe.email.queue.set_expiry_for_email_queue for redline.int.com
2023-12-21 16:31:09,598 INFO scheduler Scheduled Job Start: frappe.email.doctype.newsletter.newsletter.send_scheduled_email for redline.int.com
2023-12-21 16:31:09,854 INFO scheduler Scheduled Job Complete: frappe.email.doctype.newsletter.newsletter.send_scheduled_email for redline.int.com
2023-12-21 16:31:09,928 INFO scheduler Scheduled Job Start: frappe.integrations.doctype.google_calendar.google_calendar.sync for redline.int.com
2023-12-21 16:31:10,347 INFO scheduler Scheduled Job Complete: frappe.integrations.doctype.google_calendar.google_calendar.sync for redline.int.com
2023-12-21 16:31:10,425 INFO scheduler Scheduled Job Start: frappe.desk.form.document_follow.send_hourly_updates for redline.int.com
2023-12-21 16:31:10,681 INFO scheduler Scheduled Job Complete: frappe.desk.form.document_follow.send_hourly_updates for redline.int.com
2023-12-21 16:31:10,757 INFO scheduler Scheduled Job Start: frappe.deferred_insert.save_to_db for redline.int.com
2023-12-21 16:31:10,964 INFO scheduler Scheduled Job Complete: frappe.deferred_insert.save_to_db for redline.int.com
2023-12-21 16:31:11,040 INFO scheduler Scheduled Job Start: frappe.desk.page.backups.backups.delete_downloadable_backups for redline.int.com
2023-12-21 16:31:11,299 INFO scheduler Scheduled Job Complete: frappe.desk.page.backups.backups.delete_downloadable_backups for redline.int.com
2023-12-21 16:31:11,383 INFO scheduler Scheduled Job Start: frappe.utils.error.collect_error_snapshots for redline.int.com
2023-12-21 16:31:11,700 INFO scheduler Scheduled Job Complete: frappe.utils.error.collect_error_snapshots for redline.int.com
2023-12-21 16:31:11,778 INFO scheduler Scheduled Job Start: frappe.model.utils.user_settings.sync_user_settings for redline.int.com
2023-12-21 16:31:11,978 INFO scheduler Scheduled Job Complete: frappe.model.utils.user_settings.sync_user_settings for redline.int.com
2023-12-21 16:31:12,058 INFO scheduler Scheduled Job Start: frappe.model.utils.link_count.update_link_count for redline.int.com
2023-12-21 16:31:12,300 INFO scheduler Scheduled Job Complete: frappe.model.utils.link_count.update_link_count for redline.int.com
2023-12-21 16:31:12,380 INFO scheduler Scheduled Job Start: frappe.monitor.flush for redline.int.com
2023-12-21 16:31:12,502 INFO scheduler Scheduled Job Complete: frappe.monitor.flush for redline.int.com
2023-12-21 16:31:12,587 INFO scheduler Scheduled Job Start: frappe.utils.global_search.sync_global_search for redline.int.com
2023-12-21 16:31:12,714 INFO scheduler Scheduled Job Complete: frappe.utils.global_search.sync_global_search for redline.int.com
2023-12-21 16:31:12,788 INFO scheduler Scheduled Job Start: frappe.integrations.doctype.razorpay_settings.razorpay_settings.capture_payment for redline.int.com
2023-12-21 16:31:13,086 INFO scheduler Scheduled Job Complete: frappe.integrations.doctype.razorpay_settings.razorpay_settings.capture_payment for redline.int.com
2023-12-21 16:31:13,163 INFO scheduler Scheduled Job Start: frappe.email.doctype.email_account.email_account.notify_unreplied for redline.int.com
2023-12-21 16:31:13,486 INFO scheduler Scheduled Job Complete: frappe.email.doctype.email_account.email_account.notify_unreplied for redline.int.com
2023-12-21 16:31:13,567 INFO scheduler Scheduled Job Start: frappe.email.doctype.email_account.email_account.pull for redline.int.com
2023-12-21 16:31:13,763 INFO scheduler Scheduled Job Complete: frappe.email.doctype.email_account.email_account.pull for redline.int.com
2023-12-21 16:31:13,841 INFO scheduler Scheduled Job Start: frappe.email.queue.flush for redline.int.com
2023-12-21 16:31:13,972 INFO scheduler Scheduled Job Complete: frappe.email.queue.flush for redline.int.com
2023-12-21 16:31:14,044 INFO scheduler Scheduled Job Start: frappe.twofactor.delete_all_barcodes_for_users for redline.int.com
2023-12-21 16:31:14,321 INFO scheduler Scheduled Job Complete: frappe.twofactor.delete_all_barcodes_for_users for redline.int.com
2023-12-21 16:31:14,400 INFO scheduler Scheduled Job Start: frappe.website.doctype.web_page.web_page.check_publish_status for redline.int.com
2023-12-21 16:31:14,675 INFO scheduler Scheduled Job Complete: frappe.website.doctype.web_page.web_page.check_publish_status for redline.int.com
2023-12-21 16:31:14,751 INFO scheduler Scheduled Job Start: frappe.oauth.delete_oauth2_data for redline.int.com
2023-12-21 16:31:15,058 INFO scheduler Scheduled Job Complete: frappe.oauth.delete_oauth2_data for redline.int.com
2023-12-21 16:31:39,109 DEBUG scheduler Queued events for site redline.int.com
2023-12-21 16:31:39,112 DEBUG scheduler Access denied for site redlines.api
2023-12-21 16:32:39,247 DEBUG scheduler Queued events for site redline.int.com
2023-12-21 16:32:39,250 DEBUG scheduler Access denied for site redlines.api
2023-12-21 16:33:39,267 DEBUG scheduler Access denied for site redlines.api
2023-12-21 16:33:39,513 DEBUG scheduler Queued events for site redline.int.com
2023-12-21 16:34:39,915 INFO scheduler Scheduled Job Start: erpnext.crm.doctype.social_media_post.social_media_post.process_scheduled_social_media_posts for redline.int.com
2023-12-21 16:34:39,943 DEBUG scheduler Queued events for site redline.int.com
2023-12-21 16:34:39,944 DEBUG scheduler Access denied for site redlines.api
2023-12-21 16:34:40,149 INFO scheduler Scheduled Job Complete: erpnext.crm.doctype.social_media_post.social_media_post.process_scheduled_social_media_posts for redline.int.com
2023-12-21 16:34:40,221 INFO scheduler Scheduled Job Start: erpnext.hr.doctype.interview.interview.send_interview_reminder for redline.int.com
2023-12-21 16:34:40,388 INFO scheduler Scheduled Job Complete: erpnext.hr.doctype.interview.interview.send_interview_reminder for redline.int.com
2023-12-21 16:34:40,459 INFO scheduler Scheduled Job Start: erpnext.healthcare.doctype.patient_appointment.patient_appointment.send_appointment_reminder for redline.int.com
2023-12-21 16:34:40,626 INFO scheduler Scheduled Job Complete: erpnext.healthcare.doctype.patient_appointment.patient_appointment.send_appointment_reminder for redline.int.com
2023-12-21 16:34:40,727 INFO scheduler Scheduled Job Start: erpnext.projects.doctype.project.project.project_status_update_reminder for redline.int.com
2023-12-21 16:34:40,991 INFO scheduler Scheduled Job Complete: erpnext.projects.doctype.project.project.project_status_update_reminder for redline.int.com
2023-12-21 16:34:41,084 INFO scheduler Scheduled Job Start: frappe.monitor.flush for redline.int.com
2023-12-21 16:34:41,195 INFO scheduler Scheduled Job Complete: frappe.monitor.flush for redline.int.com
2023-12-21 16:34:41,267 INFO scheduler Scheduled Job Start: frappe.utils.global_search.sync_global_search for redline.int.com
2023-12-21 16:34:41,378 INFO scheduler Scheduled Job Complete: frappe.utils.global_search.sync_global_search for redline.int.com
2023-12-21 16:34:41,464 INFO scheduler Scheduled Job Start: frappe.integrations.doctype.razorpay_settings.razorpay_settings.capture_payment for redline.int.com
2023-12-21 16:34:41,659 INFO scheduler Scheduled Job Complete: frappe.integrations.doctype.razorpay_settings.razorpay_settings.capture_payment for redline.int.com
2023-12-21 16:34:41,727 INFO scheduler Scheduled Job Start: frappe.email.doctype.email_account.email_account.notify_unreplied for redline.int.com
2023-12-21 16:34:41,897 INFO scheduler Scheduled Job Complete: frappe.email.doctype.email_account.email_account.notify_unreplied for redline.int.com
2023-12-21 16:34:41,967 INFO scheduler Scheduled Job Start: frappe.email.doctype.email_account.email_account.pull for redline.int.com
2023-12-21 16:34:42,147 INFO scheduler Scheduled Job Complete: frappe.email.doctype.email_account.email_account.pull for redline.int.com
2023-12-21 16:34:42,222 INFO scheduler Scheduled Job Start: frappe.email.queue.flush for redline.int.com
2023-12-21 16:34:42,341 INFO scheduler Scheduled Job Complete: frappe.email.queue.flush for redline.int.com
2023-12-21 16:35:40,222 INFO scheduler Scheduled Job Start: erpnext.manufacturing.doctype.bom_update_log.bom_update_log.resume_bom_cost_update_jobs for redline.int.com
2023-12-21 16:35:40,224 DEBUG scheduler Queued events for site redline.int.com
2023-12-21 16:35:40,226 DEBUG scheduler Access denied for site redlines.api
2023-12-21 16:35:40,435 INFO scheduler Scheduled Job Complete: erpnext.manufacturing.doctype.bom_update_log.bom_update_log.resume_bom_cost_update_jobs for redline.int.com
2023-12-21 16:36:40,468 DEBUG scheduler Queued events for site redline.int.com
2023-12-21 16:36:40,469 DEBUG scheduler Access denied for site redlines.api
2023-12-21 16:37:40,712 DEBUG scheduler Queued events for site redline.int.com
2023-12-21 16:37:40,714 DEBUG scheduler Access denied for site redlines.api
2023-12-21 16:38:40,734 DEBUG scheduler Access denied for site redlines.api
2023-12-21 16:38:40,925 INFO scheduler Scheduled Job Start: erpnext.crm.doctype.social_media_post.social_media_post.process_scheduled_social_media_posts for redline.int.com
2023-12-21 16:38:40,961 DEBUG scheduler Queued events for site redline.int.com
2023-12-21 16:38:41,098 INFO scheduler Scheduled Job Complete: erpnext.crm.doctype.social_media_post.social_media_post.process_scheduled_social_media_posts for redline.int.com
2023-12-21 16:38:41,170 INFO scheduler Scheduled Job Start: erpnext.hr.doctype.interview.interview.send_interview_reminder for redline.int.com
2023-12-21 16:38:41,333 INFO scheduler Scheduled Job Complete: erpnext.hr.doctype.interview.interview.send_interview_reminder for redline.int.com
2023-12-21 16:38:41,403 INFO scheduler Scheduled Job Start: erpnext.healthcare.doctype.patient_appointment.patient_appointment.send_appointment_reminder for redline.int.com
2023-12-21 16:38:41,556 INFO scheduler Scheduled Job Complete: erpnext.healthcare.doctype.patient_appointment.patient_appointment.send_appointment_reminder for redline.int.com
2023-12-21 16:38:41,655 INFO scheduler Scheduled Job Start: erpnext.projects.doctype.project.project.project_status_update_reminder for redline.int.com
2023-12-21 16:38:41,912 INFO scheduler Scheduled Job Complete: erpnext.projects.doctype.project.project.project_status_update_reminder for redline.int.com
2023-12-21 16:38:41,997 INFO scheduler Scheduled Job Start: frappe.monitor.flush for redline.int.com
2023-12-21 16:38:42,115 INFO scheduler Scheduled Job Complete: frappe.monitor.flush for redline.int.com
2023-12-21 16:38:42,185 INFO scheduler Scheduled Job Start: frappe.utils.global_search.sync_global_search for redline.int.com
2023-12-21 16:38:42,296 INFO scheduler Scheduled Job Complete: frappe.utils.global_search.sync_global_search for redline.int.com
2023-12-21 16:38:42,380 INFO scheduler Scheduled Job Start: frappe.integrations.doctype.razorpay_settings.razorpay_settings.capture_payment for redline.int.com
2023-12-21 16:38:42,570 INFO scheduler Scheduled Job Complete: frappe.integrations.doctype.razorpay_settings.razorpay_settings.capture_payment for redline.int.com
2023-12-21 16:38:42,641 INFO scheduler Scheduled Job Start: frappe.email.doctype.email_account.email_account.notify_unreplied for redline.int.com
2023-12-21 16:38:42,799 INFO scheduler Scheduled Job Complete: frappe.email.doctype.email_account.email_account.notify_unreplied for redline.int.com
2023-12-21 16:38:42,869 INFO scheduler Scheduled Job Start: frappe.email.doctype.email_account.email_account.pull for redline.int.com
2023-12-21 16:38:43,063 INFO scheduler Scheduled Job Complete: frappe.email.doctype.email_account.email_account.pull for redline.int.com
2023-12-21 16:38:43,131 INFO scheduler Scheduled Job Start: frappe.email.queue.flush for redline.int.com
2023-12-21 16:38:43,249 INFO scheduler Scheduled Job Complete: frappe.email.queue.flush for redline.int.com
2023-12-21 16:39:41,217 DEBUG scheduler Queued events for site redline.int.com
2023-12-21 16:39:41,219 DEBUG scheduler Access denied for site redlines.api
2023-12-21 16:40:41,485 DEBUG scheduler Queued events for site redline.int.com
2023-12-21 16:40:41,488 DEBUG scheduler Access denied for site redlines.api
2023-12-21 16:40:41,490 INFO scheduler Scheduled Job Start: erpnext.manufacturing.doctype.bom_update_log.bom_update_log.resume_bom_cost_update_jobs for redline.int.com
2023-12-21 16:40:41,699 INFO scheduler Scheduled Job Complete: erpnext.manufacturing.doctype.bom_update_log.bom_update_log.resume_bom_cost_update_jobs for redline.int.com
2023-12-21 16:41:41,839 DEBUG scheduler Queued events for site redline.int.com
2023-12-21 16:41:41,845 DEBUG scheduler Access denied for site redlines.api
2023-12-21 16:42:42,125 INFO scheduler Scheduled Job Start: erpnext.crm.doctype.social_media_post.social_media_post.process_scheduled_social_media_posts for redline.int.com
2023-12-21 16:42:42,158 DEBUG scheduler Queued events for site redline.int.com
2023-12-21 16:42:42,159 DEBUG scheduler Access denied for site redlines.api
2023-12-21 16:42:42,300 INFO scheduler Scheduled Job Complete: erpnext.crm.doctype.social_media_post.social_media_post.process_scheduled_social_media_posts for redline.int.com
2023-12-21 16:42:42,371 INFO scheduler Scheduled Job Start: erpnext.hr.doctype.interview.interview.send_interview_reminder for redline.int.com
2023-12-21 16:42:42,546 INFO scheduler Scheduled Job Complete: erpnext.hr.doctype.interview.interview.send_interview_reminder for redline.int.com
2023-12-21 16:42:42,618 INFO scheduler Scheduled Job Start: erpnext.healthcare.doctype.patient_appointment.patient_appointment.send_appointment_reminder for redline.int.com
2023-12-21 16:42:42,759 INFO scheduler Scheduled Job Complete: erpnext.healthcare.doctype.patient_appointment.patient_appointment.send_appointment_reminder for redline.int.com
2023-12-21 16:42:42,830 INFO scheduler Scheduled Job Start: erpnext.projects.doctype.project.project.project_status_update_reminder for redline.int.com
2023-12-21 16:42:43,027 INFO scheduler Scheduled Job Complete: erpnext.projects.doctype.project.project.project_status_update_reminder for redline.int.com
2023-12-21 16:42:43,097 INFO scheduler Scheduled Job Start: frappe.monitor.flush for redline.int.com
2023-12-21 16:42:43,205 INFO scheduler Scheduled Job Complete: frappe.monitor.flush for redline.int.com
2023-12-21 16:42:43,276 INFO scheduler Scheduled Job Start: frappe.utils.global_search.sync_global_search for redline.int.com
2023-12-21 16:42:43,384 INFO scheduler Scheduled Job Complete: frappe.utils.global_search.sync_global_search for redline.int.com
2023-12-21 16:42:43,464 INFO scheduler Scheduled Job Start: frappe.integrations.doctype.razorpay_settings.razorpay_settings.capture_payment for redline.int.com
2023-12-21 16:42:43,660 INFO scheduler Scheduled Job Complete: frappe.integrations.doctype.razorpay_settings.razorpay_settings.capture_payment for redline.int.com
2023-12-21 16:42:43,732 INFO scheduler Scheduled Job Start: frappe.email.doctype.email_account.email_account.notify_unreplied for redline.int.com
2023-12-21 16:42:43,891 INFO scheduler Scheduled Job Complete: frappe.email.doctype.email_account.email_account.notify_unreplied for redline.int.com
2023-12-21 16:42:43,964 INFO scheduler Scheduled Job Start: frappe.email.doctype.email_account.email_account.pull for redline.int.com
2023-12-21 16:42:44,158 INFO scheduler Scheduled Job Complete: frappe.email.doctype.email_account.email_account.pull for redline.int.com
2023-12-21 16:42:44,234 INFO scheduler Scheduled Job Start: frappe.email.queue.flush for redline.int.com
2023-12-21 16:42:44,354 INFO scheduler Scheduled Job Complete: frappe.email.queue.flush for redline.int.com
2023-12-21 16:43:42,225 DEBUG scheduler Access denied for site redlines.api
2023-12-21 16:43:42,447 DEBUG scheduler Queued events for site redline.int.com
2023-12-21 16:44:42,476 DEBUG scheduler Access denied for site redlines.api
2023-12-21 16:44:42,666 DEBUG scheduler Queued events for site redline.int.com
2023-12-21 16:45:43,021 INFO scheduler Scheduled Job Start: erpnext.manufacturing.doctype.bom_update_log.bom_update_log.resume_bom_cost_update_jobs for redline.int.com
2023-12-21 16:45:43,032 DEBUG scheduler Queued events for site redline.int.com
2023-12-21 16:45:43,034 DEBUG scheduler Access denied for site redlines.api
2023-12-21 16:45:43,343 INFO scheduler Scheduled Job Complete: erpnext.manufacturing.doctype.bom_update_log.bom_update_log.resume_bom_cost_update_jobs for redline.int.com
2023-12-21 16:45:43,422 INFO scheduler Scheduled Job Start: frappe.twofactor.delete_all_barcodes_for_users for redline.int.com
2023-12-21 16:45:43,680 INFO scheduler Scheduled Job Complete: frappe.twofactor.delete_all_barcodes_for_users for redline.int.com
2023-12-21 16:45:43,754 INFO scheduler Scheduled Job Start: frappe.website.doctype.web_page.web_page.check_publish_status for redline.int.com
2023-12-21 16:45:44,065 INFO scheduler Scheduled Job Complete: frappe.website.doctype.web_page.web_page.check_publish_status for redline.int.com
2023-12-21 16:45:44,139 INFO scheduler Scheduled Job Start: frappe.oauth.delete_oauth2_data for redline.int.com
2023-12-21 16:45:44,411 INFO scheduler Scheduled Job Complete: frappe.oauth.delete_oauth2_data for redline.int.com
2023-12-21 16:46:43,307 INFO scheduler Scheduled Job Start: erpnext.crm.doctype.social_media_post.social_media_post.process_scheduled_social_media_posts for redline.int.com
2023-12-21 16:46:43,341 DEBUG scheduler Queued events for site redline.int.com
2023-12-21 16:46:43,342 DEBUG scheduler Access denied for site redlines.api
2023-12-21 16:46:43,555 INFO scheduler Scheduled Job Complete: erpnext.crm.doctype.social_media_post.social_media_post.process_scheduled_social_media_posts for redline.int.com
2023-12-21 16:46:43,627 INFO scheduler Scheduled Job Start: erpnext.hr.doctype.interview.interview.send_interview_reminder for redline.int.com
2023-12-21 16:46:43,885 INFO scheduler Scheduled Job Complete: erpnext.hr.doctype.interview.interview.send_interview_reminder for redline.int.com
2023-12-21 16:46:43,954 INFO scheduler Scheduled Job Start: erpnext.healthcare.doctype.patient_appointment.patient_appointment.send_appointment_reminder for redline.int.com
2023-12-21 16:46:44,171 INFO scheduler Scheduled Job Complete: erpnext.healthcare.doctype.patient_appointment.patient_appointment.send_appointment_reminder for redline.int.com
2023-12-21 16:46:44,245 INFO scheduler Scheduled Job Start: erpnext.projects.doctype.project.project.project_status_update_reminder for redline.int.com
2023-12-21 16:46:44,511 INFO scheduler Scheduled Job Complete: erpnext.projects.doctype.project.project.project_status_update_reminder for redline.int.com
2023-12-21 16:46:44,583 INFO scheduler Scheduled Job Start: frappe.monitor.flush for redline.int.com
2023-12-21 16:46:44,701 INFO scheduler Scheduled Job Complete: frappe.monitor.flush for redline.int.com
2023-12-21 16:46:44,786 INFO scheduler Scheduled Job Start: frappe.utils.global_search.sync_global_search for redline.int.com
2023-12-21 16:46:44,912 INFO scheduler Scheduled Job Complete: frappe.utils.global_search.sync_global_search for redline.int.com
2023-12-21 16:46:44,988 INFO scheduler Scheduled Job Start: frappe.integrations.doctype.razorpay_settings.razorpay_settings.capture_payment for redline.int.com
2023-12-21 16:46:45,267 INFO scheduler Scheduled Job Complete: frappe.integrations.doctype.razorpay_settings.razorpay_settings.capture_payment for redline.int.com
2023-12-21 16:46:45,340 INFO scheduler Scheduled Job Start: frappe.email.doctype.email_account.email_account.notify_unreplied for redline.int.com
2023-12-21 16:46:45,582 INFO scheduler Scheduled Job Complete: frappe.email.doctype.email_account.email_account.notify_unreplied for redline.int.com
2023-12-21 16:46:45,652 INFO scheduler Scheduled Job Start: frappe.email.doctype.email_account.email_account.pull for redline.int.com
2023-12-21 16:46:45,843 INFO scheduler Scheduled Job Complete: frappe.email.doctype.email_account.email_account.pull for redline.int.com
2023-12-21 16:46:45,922 INFO scheduler Scheduled Job Start: frappe.email.queue.flush for redline.int.com
2023-12-21 16:46:46,055 INFO scheduler Scheduled Job Complete: frappe.email.queue.flush for redline.int.com
2023-12-21 16:47:43,363 DEBUG scheduler Access denied for site redlines.api
2023-12-21 16:47:43,575 DEBUG scheduler Queued events for site redline.int.com
2023-12-21 16:48:43,588 DEBUG scheduler Access denied for site redlines.api
2023-12-21 16:48:43,764 DEBUG scheduler Queued events for site redline.int.com
2023-12-21 16:49:43,971 DEBUG scheduler Queued events for site redline.int.com
2023-12-21 16:49:43,973 DEBUG scheduler Access denied for site redlines.api
2023-12-21 16:50:44,021 DEBUG scheduler Access denied for site redlines.api
2023-12-21 16:50:44,217 INFO scheduler Scheduled Job Start: erpnext.crm.doctype.social_media_post.social_media_post.process_scheduled_social_media_posts for redline.int.com
2023-12-21 16:50:44,258 DEBUG scheduler Queued events for site redline.int.com
2023-12-21 16:50:44,395 INFO scheduler Scheduled Job Complete: erpnext.crm.doctype.social_media_post.social_media_post.process_scheduled_social_media_posts for redline.int.com
2023-12-21 16:50:44,466 INFO scheduler Scheduled Job Start: erpnext.hr.doctype.interview.interview.send_interview_reminder for redline.int.com
2023-12-21 16:50:44,629 INFO scheduler Scheduled Job Complete: erpnext.hr.doctype.interview.interview.send_interview_reminder for redline.int.com
2023-12-21 16:50:44,699 INFO scheduler Scheduled Job Start: erpnext.healthcare.doctype.patient_appointment.patient_appointment.send_appointment_reminder for redline.int.com
2023-12-21 16:50:44,823 INFO scheduler Scheduled Job Complete: erpnext.healthcare.doctype.patient_appointment.patient_appointment.send_appointment_reminder for redline.int.com
2023-12-21 16:50:44,900 INFO scheduler Scheduled Job Start: erpnext.projects.doctype.project.project.project_status_update_reminder for redline.int.com
2023-12-21 16:50:45,087 INFO scheduler Scheduled Job Complete: erpnext.projects.doctype.project.project.project_status_update_reminder for redline.int.com
2023-12-21 16:50:45,158 INFO scheduler Scheduled Job Start: erpnext.manufacturing.doctype.bom_update_log.bom_update_log.resume_bom_cost_update_jobs for redline.int.com
2023-12-21 16:50:45,346 INFO scheduler Scheduled Job Complete: erpnext.manufacturing.doctype.bom_update_log.bom_update_log.resume_bom_cost_update_jobs for redline.int.com
2023-12-21 16:50:45,421 INFO scheduler Scheduled Job Start: frappe.monitor.flush for redline.int.com
2023-12-21 16:50:45,538 INFO scheduler Scheduled Job Complete: frappe.monitor.flush for redline.int.com
2023-12-21 16:50:45,621 INFO scheduler Scheduled Job Start: frappe.utils.global_search.sync_global_search for redline.int.com
2023-12-21 16:50:45,738 INFO scheduler Scheduled Job Complete: frappe.utils.global_search.sync_global_search for redline.int.com
2023-12-21 16:50:45,808 INFO scheduler Scheduled Job Start: frappe.integrations.doctype.razorpay_settings.razorpay_settings.capture_payment for redline.int.com
2023-12-21 16:50:45,995 INFO scheduler Scheduled Job Complete: frappe.integrations.doctype.razorpay_settings.razorpay_settings.capture_payment for redline.int.com
2023-12-21 16:50:46,061 INFO scheduler Scheduled Job Start: frappe.email.doctype.email_account.email_account.notify_unreplied for redline.int.com
2023-12-21 16:50:46,222 INFO scheduler Scheduled Job Complete: frappe.email.doctype.email_account.email_account.notify_unreplied for redline.int.com
2023-12-21 16:50:46,293 INFO scheduler Scheduled Job Start: frappe.email.doctype.email_account.email_account.pull for redline.int.com
2023-12-21 16:50:46,463 INFO scheduler Scheduled Job Complete: frappe.email.doctype.email_account.email_account.pull for redline.int.com
2023-12-21 16:50:46,542 INFO scheduler Scheduled Job Start: frappe.email.queue.flush for redline.int.com
2023-12-21 16:50:46,665 INFO scheduler Scheduled Job Complete: frappe.email.queue.flush for redline.int.com
2023-12-21 16:51:44,503 DEBUG scheduler Queued events for site redline.int.com
2023-12-21 16:51:44,504 DEBUG scheduler Access denied for site redlines.api
2023-12-21 16:52:44,734 DEBUG scheduler Queued events for site redline.int.com
2023-12-21 16:52:44,735 DEBUG scheduler Access denied for site redlines.api
2023-12-21 16:53:44,929 DEBUG scheduler Queued events for site redline.int.com
2023-12-21 16:53:44,935 DEBUG scheduler Access denied for site redlines.api
2023-12-21 16:55:14,539 DEBUG scheduler Access denied for site redlines.api
2023-12-21 16:55:14,955 INFO scheduler Scheduled Job Start: erpnext.crm.doctype.social_media_post.social_media_post.process_scheduled_social_media_posts for redline.int.com
2023-12-21 16:55:15,052 DEBUG scheduler Queued events for site redline.int.com
2023-12-21 16:55:15,459 INFO scheduler Scheduled Job Complete: erpnext.crm.doctype.social_media_post.social_media_post.process_scheduled_social_media_posts for redline.int.com
2023-12-21 16:55:15,571 INFO scheduler Scheduled Job Start: erpnext.hr.doctype.interview.interview.send_interview_reminder for redline.int.com
2023-12-21 16:55:15,838 INFO scheduler Scheduled Job Complete: erpnext.hr.doctype.interview.interview.send_interview_reminder for redline.int.com
2023-12-21 16:55:15,910 INFO scheduler Scheduled Job Start: erpnext.healthcare.doctype.patient_appointment.patient_appointment.send_appointment_reminder for redline.int.com
2023-12-21 16:55:16,172 INFO scheduler Scheduled Job Complete: erpnext.healthcare.doctype.patient_appointment.patient_appointment.send_appointment_reminder for redline.int.com
2023-12-21 16:55:16,256 INFO scheduler Scheduled Job Start: erpnext.projects.doctype.project.project.project_status_update_reminder for redline.int.com
2023-12-21 16:55:16,598 INFO scheduler Scheduled Job Complete: erpnext.projects.doctype.project.project.project_status_update_reminder for redline.int.com
2023-12-21 16:55:16,688 INFO scheduler Scheduled Job Start: erpnext.manufacturing.doctype.bom_update_log.bom_update_log.resume_bom_cost_update_jobs for redline.int.com
2023-12-21 16:55:17,119 INFO scheduler Scheduled Job Complete: erpnext.manufacturing.doctype.bom_update_log.bom_update_log.resume_bom_cost_update_jobs for redline.int.com
2023-12-21 16:55:17,211 INFO scheduler Scheduled Job Start: frappe.monitor.flush for redline.int.com
2023-12-21 16:55:17,326 INFO scheduler Scheduled Job Complete: frappe.monitor.flush for redline.int.com
2023-12-21 16:55:17,401 INFO scheduler Scheduled Job Start: frappe.utils.global_search.sync_global_search for redline.int.com
2023-12-21 16:55:17,523 INFO scheduler Scheduled Job Complete: frappe.utils.global_search.sync_global_search for redline.int.com
2023-12-21 16:55:17,602 INFO scheduler Scheduled Job Start: frappe.integrations.doctype.razorpay_settings.razorpay_settings.capture_payment for redline.int.com
2023-12-21 16:55:17,913 INFO scheduler Scheduled Job Complete: frappe.integrations.doctype.razorpay_settings.razorpay_settings.capture_payment for redline.int.com
2023-12-21 16:55:17,986 INFO scheduler Scheduled Job Start: frappe.email.doctype.email_account.email_account.notify_unreplied for redline.int.com
2023-12-21 16:55:18,280 INFO scheduler Scheduled Job Complete: frappe.email.doctype.email_account.email_account.notify_unreplied for redline.int.com
2023-12-21 16:55:18,355 INFO scheduler Scheduled Job Start: frappe.email.doctype.email_account.email_account.pull for redline.int.com
2023-12-21 16:55:18,566 INFO scheduler Scheduled Job Complete: frappe.email.doctype.email_account.email_account.pull for redline.int.com
2023-12-21 16:55:18,638 INFO scheduler Scheduled Job Start: frappe.email.queue.flush for redline.int.com
2023-12-21 16:55:18,766 INFO scheduler Scheduled Job Complete: frappe.email.queue.flush for redline.int.com
2023-12-21 16:56:15,301 DEBUG scheduler Queued events for site redline.int.com
2023-12-21 16:56:15,307 DEBUG scheduler Access denied for site redlines.api
2023-12-21 16:57:15,643 DEBUG scheduler Queued events for site redline.int.com
2023-12-21 16:57:15,645 DEBUG scheduler Access denied for site redlines.api
2023-12-21 16:58:15,923 INFO scheduler Scheduled Job Start: erpnext.crm.doctype.social_media_post.social_media_post.process_scheduled_social_media_posts for redline.int.com
2023-12-21 16:58:15,994 DEBUG scheduler Queued events for site redline.int.com
2023-12-21 16:58:15,997 DEBUG scheduler Access denied for site redlines.api
2023-12-21 16:58:16,151 INFO scheduler Scheduled Job Complete: erpnext.crm.doctype.social_media_post.social_media_post.process_scheduled_social_media_posts for redline.int.com
2023-12-21 16:58:16,230 INFO scheduler Scheduled Job Start: erpnext.hr.doctype.interview.interview.send_interview_reminder for redline.int.com
2023-12-21 16:58:16,397 INFO scheduler Scheduled Job Complete: erpnext.hr.doctype.interview.interview.send_interview_reminder for redline.int.com
2023-12-21 16:58:16,472 INFO scheduler Scheduled Job Start: erpnext.healthcare.doctype.patient_appointment.patient_appointment.send_appointment_reminder for redline.int.com
2023-12-21 16:58:16,606 INFO scheduler Scheduled Job Complete: erpnext.healthcare.doctype.patient_appointment.patient_appointment.send_appointment_reminder for redline.int.com
2023-12-21 16:58:16,679 INFO scheduler Scheduled Job Start: erpnext.projects.doctype.project.project.project_status_update_reminder for redline.int.com
2023-12-21 16:58:16,889 INFO scheduler Scheduled Job Complete: erpnext.projects.doctype.project.project.project_status_update_reminder for redline.int.com
2023-12-21 16:58:16,964 INFO scheduler Scheduled Job Start: frappe.monitor.flush for redline.int.com
2023-12-21 16:58:17,076 INFO scheduler Scheduled Job Complete: frappe.monitor.flush for redline.int.com
2023-12-21 16:58:17,149 INFO scheduler Scheduled Job Start: frappe.utils.global_search.sync_global_search for redline.int.com
2023-12-21 16:58:17,261 INFO scheduler Scheduled Job Complete: frappe.utils.global_search.sync_global_search for redline.int.com
2023-12-21 16:58:17,373 INFO scheduler Scheduled Job Start: frappe.integrations.doctype.razorpay_settings.razorpay_settings.capture_payment for redline.int.com
2023-12-21 16:58:17,603 INFO scheduler Scheduled Job Complete: frappe.integrations.doctype.razorpay_settings.razorpay_settings.capture_payment for redline.int.com
2023-12-21 16:58:17,681 INFO scheduler Scheduled Job Start: frappe.email.doctype.email_account.email_account.notify_unreplied for redline.int.com
2023-12-21 16:58:17,853 INFO scheduler Scheduled Job Complete: frappe.email.doctype.email_account.email_account.notify_unreplied for redline.int.com
2023-12-21 16:58:17,929 INFO scheduler Scheduled Job Start: frappe.email.doctype.email_account.email_account.pull for redline.int.com
2023-12-21 16:58:18,117 INFO scheduler Scheduled Job Complete: frappe.email.doctype.email_account.email_account.pull for redline.int.com
2023-12-21 16:58:18,187 INFO scheduler Scheduled Job Start: frappe.email.queue.flush for redline.int.com
2023-12-21 16:58:18,321 INFO scheduler Scheduled Job Complete: frappe.email.queue.flush for redline.int.com
2023-12-21 16:59:16,256 DEBUG scheduler Queued events for site redline.int.com
2023-12-21 16:59:16,258 DEBUG scheduler Access denied for site redlines.api
2023-12-21 17:00:16,574 INFO scheduler Scheduled Job Start: erpnext.accounts.doctype.gl_entry.gl_entry.rename_gle_sle_docs for redline.int.com
2023-12-21 17:00:16,599 DEBUG scheduler Queued events for site redline.int.com
2023-12-21 17:00:16,604 DEBUG scheduler Access denied for site redlines.api
2023-12-21 17:00:16,979 INFO scheduler Scheduled Job Complete: erpnext.accounts.doctype.gl_entry.gl_entry.rename_gle_sle_docs for redline.int.com
2023-12-21 17:00:17,075 INFO scheduler Scheduled Job Start: erpnext.utilities.doctype.video.video.update_youtube_data for redline.int.com
2023-12-21 17:00:17,393 INFO scheduler Scheduled Job Complete: erpnext.utilities.doctype.video.video.update_youtube_data for redline.int.com
2023-12-21 17:00:17,473 INFO scheduler Scheduled Job Start: erpnext.manufacturing.doctype.bom_update_log.bom_update_log.resume_bom_cost_update_jobs for redline.int.com
2023-12-21 17:00:17,686 INFO scheduler Scheduled Job Complete: erpnext.manufacturing.doctype.bom_update_log.bom_update_log.resume_bom_cost_update_jobs for redline.int.com
2023-12-21 17:00:17,763 INFO scheduler Scheduled Job Start: frappe.twofactor.delete_all_barcodes_for_users for redline.int.com
2023-12-21 17:00:18,053 INFO scheduler Scheduled Job Complete: frappe.twofactor.delete_all_barcodes_for_users for redline.int.com
2023-12-21 17:00:18,163 INFO scheduler Scheduled Job Start: frappe.website.doctype.web_page.web_page.check_publish_status for redline.int.com
2023-12-21 17:00:18,614 INFO scheduler Scheduled Job Complete: frappe.website.doctype.web_page.web_page.check_publish_status for redline.int.com
2023-12-21 17:00:18,707 INFO scheduler Scheduled Job Start: frappe.oauth.delete_oauth2_data for redline.int.com
2023-12-21 17:00:19,003 INFO scheduler Scheduled Job Complete: frappe.oauth.delete_oauth2_data for redline.int.com
2023-12-21 17:01:16,622 DEBUG scheduler Access denied for site redlines.api
2023-12-21 17:01:16,823 DEBUG scheduler Queued events for site redline.int.com
2023-12-21 17:02:16,887 DEBUG scheduler Access denied for site redlines.api
2023-12-21 17:02:17,112 INFO scheduler Scheduled Job Start: erpnext.crm.doctype.social_media_post.social_media_post.process_scheduled_social_media_posts for redline.int.com
2023-12-21 17:02:17,168 DEBUG scheduler Queued events for site redline.int.com
2023-12-21 17:02:17,312 INFO scheduler Scheduled Job Complete: erpnext.crm.doctype.social_media_post.social_media_post.process_scheduled_social_media_posts for redline.int.com
2023-12-21 17:02:17,387 INFO scheduler Scheduled Job Start: erpnext.hr.doctype.interview.interview.send_interview_reminder for redline.int.com
2023-12-21 17:02:17,551 INFO scheduler Scheduled Job Complete: erpnext.hr.doctype.interview.interview.send_interview_reminder for redline.int.com
2023-12-21 17:02:17,624 INFO scheduler Scheduled Job Start: erpnext.healthcare.doctype.patient_appointment.patient_appointment.send_appointment_reminder for redline.int.com
2023-12-21 17:02:17,791 INFO scheduler Scheduled Job Complete: erpnext.healthcare.doctype.patient_appointment.patient_appointment.send_appointment_reminder for redline.int.com
2023-12-21 17:02:17,883 INFO scheduler Scheduled Job Start: erpnext.projects.doctype.project.project.project_status_update_reminder for redline.int.com
2023-12-21 17:02:18,097 INFO scheduler Scheduled Job Complete: erpnext.projects.doctype.project.project.project_status_update_reminder for redline.int.com
2023-12-21 17:02:18,180 INFO scheduler Scheduled Job Start: frappe.monitor.flush for redline.int.com
2023-12-21 17:02:18,330 INFO scheduler Scheduled Job Complete: frappe.monitor.flush for redline.int.com
2023-12-21 17:02:18,422 INFO scheduler Scheduled Job Start: frappe.utils.global_search.sync_global_search for redline.int.com
2023-12-21 17:02:18,561 INFO scheduler Scheduled Job Complete: frappe.utils.global_search.sync_global_search for redline.int.com
2023-12-21 17:02:18,671 INFO scheduler Scheduled Job Start: frappe.integrations.doctype.razorpay_settings.razorpay_settings.capture_payment for redline.int.com
2023-12-21 17:02:18,877 INFO scheduler Scheduled Job Complete: frappe.integrations.doctype.razorpay_settings.razorpay_settings.capture_payment for redline.int.com
2023-12-21 17:02:18,948 INFO scheduler Scheduled Job Start: frappe.email.doctype.email_account.email_account.notify_unreplied for redline.int.com
2023-12-21 17:02:19,115 INFO scheduler Scheduled Job Complete: frappe.email.doctype.email_account.email_account.notify_unreplied for redline.int.com
2023-12-21 17:02:19,187 INFO scheduler Scheduled Job Start: frappe.email.doctype.email_account.email_account.pull for redline.int.com
2023-12-21 17:02:19,365 INFO scheduler Scheduled Job Complete: frappe.email.doctype.email_account.email_account.pull for redline.int.com
2023-12-21 17:02:19,442 INFO scheduler Scheduled Job Start: frappe.email.queue.flush for redline.int.com
2023-12-21 17:02:19,567 INFO scheduler Scheduled Job Complete: frappe.email.queue.flush for redline.int.com
2023-12-21 17:03:17,420 DEBUG scheduler Queued events for site redline.int.com
2023-12-21 17:03:17,423 DEBUG scheduler Access denied for site redlines.api
2023-12-21 17:04:17,493 DEBUG scheduler Access denied for site redlines.api
2023-12-21 17:04:17,674 DEBUG scheduler Queued events for site redline.int.com
2023-12-21 17:05:17,921 DEBUG scheduler Queued events for site redline.int.com
2023-12-21 17:05:17,922 INFO scheduler Scheduled Job Start: erpnext.manufacturing.doctype.bom_update_log.bom_update_log.resume_bom_cost_update_jobs for redline.int.com
2023-12-21 17:05:17,923 DEBUG scheduler Access denied for site redlines.api
2023-12-21 17:05:18,146 INFO scheduler Scheduled Job Complete: erpnext.manufacturing.doctype.bom_update_log.bom_update_log.resume_bom_cost_update_jobs for redline.int.com
2023-12-21 17:06:17,944 DEBUG scheduler Access denied for site redlines.api
2023-12-21 17:06:18,188 INFO scheduler Scheduled Job Start: erpnext.crm.doctype.social_media_post.social_media_post.process_scheduled_social_media_posts for redline.int.com
2023-12-21 17:06:18,270 DEBUG scheduler Queued events for site redline.int.com
2023-12-21 17:06:18,413 INFO scheduler Scheduled Job Complete: erpnext.crm.doctype.social_media_post.social_media_post.process_scheduled_social_media_posts for redline.int.com
2023-12-21 17:06:18,484 INFO scheduler Scheduled Job Start: erpnext.hr.doctype.interview.interview.send_interview_reminder for redline.int.com
2023-12-21 17:06:18,656 INFO scheduler Scheduled Job Complete: erpnext.hr.doctype.interview.interview.send_interview_reminder for redline.int.com
2023-12-21 17:06:18,729 INFO scheduler Scheduled Job Start: erpnext.healthcare.doctype.patient_appointment.patient_appointment.send_appointment_reminder for redline.int.com
2023-12-21 17:06:18,873 INFO scheduler Scheduled Job Complete: erpnext.healthcare.doctype.patient_appointment.patient_appointment.send_appointment_reminder for redline.int.com
2023-12-21 17:06:18,945 INFO scheduler Scheduled Job Start: erpnext.projects.doctype.project.project.project_status_update_reminder for redline.int.com
2023-12-21 17:06:19,139 INFO scheduler Scheduled Job Complete: erpnext.projects.doctype.project.project.project_status_update_reminder for redline.int.com
2023-12-21 17:06:19,211 INFO scheduler Scheduled Job Start: frappe.monitor.flush for redline.int.com
2023-12-21 17:06:19,325 INFO scheduler Scheduled Job Complete: frappe.monitor.flush for redline.int.com
2023-12-21 17:06:19,406 INFO scheduler Scheduled Job Start: frappe.utils.global_search.sync_global_search for redline.int.com
2023-12-21 17:06:19,524 INFO scheduler Scheduled Job Complete: frappe.utils.global_search.sync_global_search for redline.int.com
2023-12-21 17:06:19,596 INFO scheduler Scheduled Job Start: frappe.integrations.doctype.razorpay_settings.razorpay_settings.capture_payment for redline.int.com
2023-12-21 17:06:19,824 INFO scheduler Scheduled Job Complete: frappe.integrations.doctype.razorpay_settings.razorpay_settings.capture_payment for redline.int.com
2023-12-21 17:06:19,921 INFO scheduler Scheduled Job Start: frappe.email.doctype.email_account.email_account.notify_unreplied for redline.int.com
2023-12-21 17:06:20,129 INFO scheduler Scheduled Job Complete: frappe.email.doctype.email_account.email_account.notify_unreplied for redline.int.com
2023-12-21 17:06:20,200 INFO scheduler Scheduled Job Start: frappe.email.doctype.email_account.email_account.pull for redline.int.com
2023-12-21 17:06:20,381 INFO scheduler Scheduled Job Complete: frappe.email.doctype.email_account.email_account.pull for redline.int.com
2023-12-21 17:06:20,452 INFO scheduler Scheduled Job Start: frappe.email.queue.flush for redline.int.com
2023-12-21 17:06:20,576 INFO scheduler Scheduled Job Complete: frappe.email.queue.flush for redline.int.com
2023-12-21 17:07:18,340 DEBUG scheduler Access denied for site redlines.api
2023-12-21 17:07:18,549 DEBUG scheduler Queued events for site redline.int.com
2023-12-21 17:08:18,618 DEBUG scheduler Access denied for site redlines.api
2023-12-21 17:08:18,844 DEBUG scheduler Queued events for site redline.int.com
2023-12-21 17:09:19,100 DEBUG scheduler Queued events for site redline.int.com
2023-12-21 17:09:19,101 DEBUG scheduler Access denied for site redlines.api
2023-12-21 17:10:19,416 INFO scheduler Scheduled Job Start: erpnext.crm.doctype.social_media_post.social_media_post.process_scheduled_social_media_posts for redline.int.com
2023-12-21 17:10:19,471 DEBUG scheduler Queued events for site redline.int.com
2023-12-21 17:10:19,473 DEBUG scheduler Access denied for site redlines.api
2023-12-21 17:10:19,609 INFO scheduler Scheduled Job Complete: erpnext.crm.doctype.social_media_post.social_media_post.process_scheduled_social_media_posts for redline.int.com
2023-12-21 17:10:19,680 INFO scheduler Scheduled Job Start: erpnext.hr.doctype.interview.interview.send_interview_reminder for redline.int.com
2023-12-21 17:10:19,848 INFO scheduler Scheduled Job Complete: erpnext.hr.doctype.interview.interview.send_interview_reminder for redline.int.com
2023-12-21 17:10:19,920 INFO scheduler Scheduled Job Start: erpnext.healthcare.doctype.patient_appointment.patient_appointment.send_appointment_reminder for redline.int.com
2023-12-21 17:10:20,049 INFO scheduler Scheduled Job Complete: erpnext.healthcare.doctype.patient_appointment.patient_appointment.send_appointment_reminder for redline.int.com
2023-12-21 17:10:20,121 INFO scheduler Scheduled Job Start: erpnext.projects.doctype.project.project.project_status_update_reminder for redline.int.com
2023-12-21 17:10:20,316 INFO scheduler Scheduled Job Complete: erpnext.projects.doctype.project.project.project_status_update_reminder for redline.int.com
2023-12-21 17:10:20,387 INFO scheduler Scheduled Job Start: erpnext.manufacturing.doctype.bom_update_log.bom_update_log.resume_bom_cost_update_jobs for redline.int.com
2023-12-21 17:10:20,605 INFO scheduler Scheduled Job Complete: erpnext.manufacturing.doctype.bom_update_log.bom_update_log.resume_bom_cost_update_jobs for redline.int.com
2023-12-21 17:10:20,689 INFO scheduler Scheduled Job Start: frappe.monitor.flush for redline.int.com
2023-12-21 17:10:20,811 INFO scheduler Scheduled Job Complete: frappe.monitor.flush for redline.int.com
2023-12-21 17:10:20,916 INFO scheduler Scheduled Job Start: frappe.utils.global_search.sync_global_search for redline.int.com
2023-12-21 17:10:21,040 INFO scheduler Scheduled Job Complete: frappe.utils.global_search.sync_global_search for redline.int.com
2023-12-21 17:10:21,115 INFO scheduler Scheduled Job Start: frappe.integrations.doctype.razorpay_settings.razorpay_settings.capture_payment for redline.int.com
2023-12-21 17:10:21,333 INFO scheduler Scheduled Job Complete: frappe.integrations.doctype.razorpay_settings.razorpay_settings.capture_payment for redline.int.com
2023-12-21 17:10:21,415 INFO scheduler Scheduled Job Start: frappe.email.doctype.email_account.email_account.notify_unreplied for redline.int.com
2023-12-21 17:10:21,590 INFO scheduler Scheduled Job Complete: frappe.email.doctype.email_account.email_account.notify_unreplied for redline.int.com
2023-12-21 17:10:21,663 INFO scheduler Scheduled Job Start: frappe.email.doctype.email_account.email_account.pull for redline.int.com
2023-12-21 17:10:21,868 INFO scheduler Scheduled Job Complete: frappe.email.doctype.email_account.email_account.pull for redline.int.com
2023-12-21 17:10:21,953 INFO scheduler Scheduled Job Start: frappe.email.queue.flush for redline.int.com
2023-12-21 17:10:22,111 INFO scheduler Scheduled Job Complete: frappe.email.queue.flush for redline.int.com
2023-12-21 17:11:19,516 DEBUG scheduler Access denied for site redlines.api
2023-12-21 17:11:19,703 DEBUG scheduler Queued events for site redline.int.com
2023-12-21 17:12:19,772 DEBUG scheduler Access denied for site redlines.api
2023-12-21 17:12:19,972 DEBUG scheduler Queued events for site redline.int.com
